\BOOKMARK [1][-]{section.1}{Exercise 1}{}% 1
\BOOKMARK [2][-]{subsection.1.1}{Practice Exam 3 \0437 \(spring and block on table\)}{section.1}% 2
\BOOKMARK [2][-]{subsection.1.2}{Homework 6 \0434 \(sliding penguin\)}{section.1}% 3
\BOOKMARK [2][-]{subsection.1.3}{Week 7 Friday Recitation, \0432 \(tire swing in wind\)}{section.1}% 4
\BOOKMARK [2][-]{subsection.1.4}{Comparisons}{section.1}% 5
\BOOKMARK [1][-]{section.2}{Exercise 2}{}% 6
\BOOKMARK [2][-]{subsection.2.1}{Week 8 Friday Recitation, \0431 \(astronaut emergency system\)}{section.2}% 7
\BOOKMARK [2][-]{subsection.2.2}{Homework 7 \0432 \(person being knocked down by dog\)}{section.2}% 8
\BOOKMARK [2][-]{subsection.2.3}{Comparisons}{section.2}% 9
\BOOKMARK [2][-]{subsection.2.4}{Homework 7 \0433 \(astronaut jumping between spacecraft\)}{section.2}% 10
\BOOKMARK [1][-]{section.3}{Exercise 3}{}% 11
\BOOKMARK [2][-]{subsection.3.1}{Practice Exam 3 \0431 \(dog and frisbee\)}{section.3}% 12
\BOOKMARK [2][-]{subsection.3.2}{Week 8 Wednesday Recitation \0432 \(slingshot\)}{section.3}% 13
\BOOKMARK [2][-]{subsection.3.3}{Comparisons}{section.3}% 14
\BOOKMARK [1][-]{section.4}{Exercise 4}{}% 15
\BOOKMARK [2][-]{subsection.4.1}{Homework 7 \0438 \(exploding a boulder\)}{section.4}% 16
\BOOKMARK [2][-]{subsection.4.2}{Homework 7 \0434 \(forensics lab measuring bullet speeds\)}{section.4}% 17
\BOOKMARK [2][-]{subsection.4.3}{Comparisons}{section.4}% 18
\BOOKMARK [1][-]{section.5}{Exercise 5}{}% 19
\BOOKMARK [2][-]{subsection.5.1}{Practice Exam 3, \0436 \(pirate ship and cannon\)}{section.5}% 20
\BOOKMARK [2][-]{subsection.5.2}{Week 8 Friday Recitation \0433 \(throwing things at boxes\)}{section.5}% 21
\BOOKMARK [2][-]{subsection.5.3}{Comparisons}{section.5}% 22
\BOOKMARK [1][-]{section.6}{Exercise 6}{}% 23
\BOOKMARK [2][-]{subsection.6.1}{Week 8 Wednesday Recitation \0433 \(cyclist riding uphill\)}{section.6}% 24
\BOOKMARK [2][-]{subsection.6.2}{Homework 6 \0436 \(electric car battery capacity\)}{section.6}% 25
\BOOKMARK [2][-]{subsection.6.3}{Homework 7 \0435 \(truck going downhill\)}{section.6}% 26
\BOOKMARK [2][-]{subsection.6.4}{Comparisons}{section.6}% 27
