This is pdfTeX, Version 3.141592653-2.6-1.40.22 (TeX Live 2021) (preloaded format=pdflatex 2022.1.23)  24 MAR 2022 21:04
entering extended mode
 restricted \write18 enabled.
 %&-line parsing enabled.
**recitation-potential-energy-solutions.tex
(./recitation-potential-energy-solutions.tex
LaTeX2e <2020-10-01> patch level 4
L3 programming layer <2021-05-07>
(/usr/share/texlive/texmf-dist/tex/latex/base/article.cls
Document Class: article 2020/04/10 v1.4m Standard LaTeX document class
(/usr/share/texlive/texmf-dist/tex/latex/base/size12.clo
File: size12.clo 2020/04/10 v1.4m Standard LaTeX file (size option)
)
\c@part=\count179
\c@section=\count180
\c@subsection=\count181
\c@subsubsection=\count182
\c@paragraph=\count183
\c@subparagraph=\count184
\c@figure=\count185
\c@table=\count186
\abovecaptionskip=\skip47
\belowcaptionskip=\skip48
\bibindent=\dimen138
)
(/usr/share/texlive/texmf-dist/tex/latex/preprint/fullpage.sty
Package: fullpage 1999/02/23 1.1 (PWD)
\FP@margin=\skip49
)
(/usr/share/texlive/texmf-dist/tex/latex/xcolor/xcolor.sty
Package: xcolor 2016/05/11 v2.12 LaTeX color extensions (UK)

(/usr/share/texlive/texmf-dist/tex/latex/graphics-cfg/color.cfg
File: color.cfg 2016/01/02 v1.6 sample color configuration
)
Package xcolor Info: Driver file: pdftex.def on input line 225.

(/usr/share/texlive/texmf-dist/tex/latex/graphics-def/pdftex.def
File: pdftex.def 2020/10/05 v1.2a Graphics/color driver for pdftex
)
Package xcolor Info: Model `cmy' substituted by `cmy0' on input line 1348.
Package xcolor Info: Model `hsb' substituted by `rgb' on input line 1352.
Package xcolor Info: Model `RGB' extended on input line 1364.
Package xcolor Info: Model `HTML' substituted by `rgb' on input line 1366.
Package xcolor Info: Model `Hsb' substituted by `hsb' on input line 1367.
Package xcolor Info: Model `tHsb' substituted by `hsb' on input line 1368.
Package xcolor Info: Model `HSB' substituted by `hsb' on input line 1369.
Package xcolor Info: Model `Gray' substituted by `gray' on input line 1370.
Package xcolor Info: Model `wave' substituted by `hsb' on input line 1371.
)
(/usr/share/texlive/texmf-dist/tex/latex/amsmath/amsmath.sty
Package: amsmath 2020/09/23 v2.17i AMS math features
\@mathmargin=\skip50

For additional information on amsmath, use the `?' option.
(/usr/share/texlive/texmf-dist/tex/latex/amsmath/amstext.sty
Package: amstext 2000/06/29 v2.01 AMS text

(/usr/share/texlive/texmf-dist/tex/latex/amsmath/amsgen.sty
File: amsgen.sty 1999/11/30 v2.0 generic functions
\@emptytoks=\toks15
\ex@=\dimen139
))
(/usr/share/texlive/texmf-dist/tex/latex/amsmath/amsbsy.sty
Package: amsbsy 1999/11/29 v1.2d Bold Symbols
\pmbraise@=\dimen140
)
(/usr/share/texlive/texmf-dist/tex/latex/amsmath/amsopn.sty
Package: amsopn 2016/03/08 v2.02 operator names
)
\inf@bad=\count187
LaTeX Info: Redefining \frac on input line 234.
\uproot@=\count188
\leftroot@=\count189
LaTeX Info: Redefining \overline on input line 399.
\classnum@=\count190
\DOTSCASE@=\count191
LaTeX Info: Redefining \ldots on input line 496.
LaTeX Info: Redefining \dots on input line 499.
LaTeX Info: Redefining \cdots on input line 620.
\Mathstrutbox@=\box47
\strutbox@=\box48
\big@size=\dimen141
LaTeX Font Info:    Redeclaring font encoding OML on input line 743.
LaTeX Font Info:    Redeclaring font encoding OMS on input line 744.
\macc@depth=\count192
\c@MaxMatrixCols=\count193
\dotsspace@=\muskip16
\c@parentequation=\count194
\dspbrk@lvl=\count195
\tag@help=\toks16
\row@=\count196
\column@=\count197
\maxfields@=\count198
\andhelp@=\toks17
\eqnshift@=\dimen142
\alignsep@=\dimen143
\tagshift@=\dimen144
\tagwidth@=\dimen145
\totwidth@=\dimen146
\lineht@=\dimen147
\@envbody=\toks18
\multlinegap=\skip51
\multlinetaggap=\skip52
\mathdisplay@stack=\toks19
LaTeX Info: Redefining \[ on input line 2923.
LaTeX Info: Redefining \] on input line 2924.
)
(/usr/share/texlive/texmf-dist/tex/latex/geometry/geometry.sty
Package: geometry 2020/01/02 v5.9 Page Geometry

(/usr/share/texlive/texmf-dist/tex/latex/graphics/keyval.sty
Package: keyval 2014/10/28 v1.15 key=value parser (DPC)
\KV@toks@=\toks20
)
(/usr/share/texlive/texmf-dist/tex/generic/iftex/ifvtex.sty
Package: ifvtex 2019/10/25 v1.7 ifvtex legacy package. Use iftex instead.

(/usr/share/texlive/texmf-dist/tex/generic/iftex/iftex.sty
Package: iftex 2020/03/06 v1.0d TeX engine tests
))
\Gm@cnth=\count199
\Gm@cntv=\count266
\c@Gm@tempcnt=\count267
\Gm@bindingoffset=\dimen148
\Gm@wd@mp=\dimen149
\Gm@odd@mp=\dimen150
\Gm@even@mp=\dimen151
\Gm@layoutwidth=\dimen152
\Gm@layoutheight=\dimen153
\Gm@layouthoffset=\dimen154
\Gm@layoutvoffset=\dimen155
\Gm@dimlist=\toks21
)
(/usr/share/texlive/texmf-dist/tex/latex/graphics/graphicx.sty
Package: graphicx 2020/09/09 v1.2b Enhanced LaTeX Graphics (DPC,SPQR)

(/usr/share/texlive/texmf-dist/tex/latex/graphics/graphics.sty
Package: graphics 2020/08/30 v1.4c Standard LaTeX Graphics (DPC,SPQR)

(/usr/share/texlive/texmf-dist/tex/latex/graphics/trig.sty
Package: trig 2016/01/03 v1.10 sin cos tan (DPC)
)
(/usr/share/texlive/texmf-dist/tex/latex/graphics-cfg/graphics.cfg
File: graphics.cfg 2016/06/04 v1.11 sample graphics configuration
)
Package graphics Info: Driver file: pdftex.def on input line 105.
)
\Gin@req@height=\dimen156
\Gin@req@width=\dimen157
)
(/usr/share/texlive/texmf-dist/tex/latex/l3backend/l3backend-pdftex.def
File: l3backend-pdftex.def 2021-05-07 L3 backend support: PDF output (pdfTeX)
\l__color_backend_stack_int=\count268
\l__pdf_internal_box=\box49
)
(./recitation-potential-energy-solutions.aux)
\openout1 = `recitation-potential-energy-solutions.aux'.

LaTeX Font Info:    Checking defaults for OML/cmm/m/it on input line 41.
LaTeX Font Info:    ... okay on input line 41.
LaTeX Font Info:    Checking defaults for OMS/cmsy/m/n on input line 41.
LaTeX Font Info:    ... okay on input line 41.
LaTeX Font Info:    Checking defaults for OT1/cmr/m/n on input line 41.
LaTeX Font Info:    ... okay on input line 41.
LaTeX Font Info:    Checking defaults for T1/cmr/m/n on input line 41.
LaTeX Font Info:    ... okay on input line 41.
LaTeX Font Info:    Checking defaults for TS1/cmr/m/n on input line 41.
LaTeX Font Info:    ... okay on input line 41.
LaTeX Font Info:    Checking defaults for OMX/cmex/m/n on input line 41.
LaTeX Font Info:    ... okay on input line 41.
LaTeX Font Info:    Checking defaults for U/cmr/m/n on input line 41.
LaTeX Font Info:    ... okay on input line 41.

(/usr/share/texlive/texmf-dist/tex/context/base/mkii/supp-pdf.mkii
[Loading MPS to PDF converter (version 2006.09.02).]
\scratchcounter=\count269
\scratchdimen=\dimen158
\scratchbox=\box50
\nofMPsegments=\count270
\nofMParguments=\count271
\everyMPshowfont=\toks22
\MPscratchCnt=\count272
\MPscratchDim=\dimen159
\MPnumerator=\count273
\makeMPintoPDFobject=\count274
\everyMPtoPDFconversion=\toks23
) (/usr/share/texlive/texmf-dist/tex/latex/epstopdf-pkg/epstopdf-base.sty
Package: epstopdf-base 2020-01-24 v2.11 Base part for package epstopdf
Package epstopdf-base Info: Redefining graphics rule for `.eps' on input line 4
85.

(/usr/share/texlive/texmf-dist/tex/latex/latexconfig/epstopdf-sys.cfg
File: epstopdf-sys.cfg 2010/07/13 v1.3 Configuration of (r)epstopdf for TeX Liv
e
))
*geometry* driver: auto-detecting
*geometry* detected driver: pdftex
*geometry* verbose mode - [ preamble ] result:
* driver: pdftex
* paper: <default>
* layout: <same size as paper>
* layoutoffset:(h,v)=(0.0pt,0.0pt)
* modes: 
* h-part:(L,W,R)=(72.26999pt, 469.75502pt, 72.26999pt)
* v-part:(T,H,B)=(72.26999pt, 650.43001pt, 72.26999pt)
* \paperwidth=614.295pt
* \paperheight=794.96999pt
* \textwidth=469.75502pt
* \textheight=650.43001pt
* \oddsidemargin=0.0pt
* \evensidemargin=0.0pt
* \topmargin=0.0pt
* \headheight=0.0pt
* \headsep=0.0pt
* \topskip=12.0pt
* \footskip=30.0pt
* \marginparwidth=44.0pt
* \marginparsep=10.0pt
* \columnsep=10.0pt
* \skip\footins=10.8pt plus 4.0pt minus 2.0pt
* \hoffset=0.0pt
* \voffset=0.0pt
* \mag=1000
* \@twocolumnfalse
* \@twosidefalse
* \@mparswitchfalse
* \@reversemarginfalse
* (1in=72.27pt=25.4mm, 1cm=28.453pt)

[1

{/usr/share/texlive/texmf-var/fonts/map/pdftex/updmap/pdftex.map

pdfTeX warning: /usr/bin/pdflatex (file /usr/share/texlive/texmf-var/fonts/map/
pdftex/updmap/pdftex.map): fontmap entry for `cob' already exists, duplicates i
gnored


pdfTeX warning: /usr/bin/pdflatex (file /usr/share/texlive/texmf-var/fonts/map/
pdftex/updmap/pdftex.map): fontmap entry for `cobo' already exists, duplicates 
ignored


pdfTeX warning: /usr/bin/pdflatex (file /usr/share/texlive/texmf-var/fonts/map/
pdftex/updmap/pdftex.map): fontmap entry for `com' already exists, duplicates i
gnored


pdfTeX warning: /usr/bin/pdflatex (file /usr/share/texlive/texmf-var/fonts/map/
pdftex/updmap/pdftex.map): fontmap entry for `coo' already exists, duplicates i
gnored


pdfTeX warning: /usr/bin/pdflatex (file /usr/share/texlive/texmf-var/fonts/map/
pdftex/updmap/pdftex.map): fontmap entry for `hv' already exists, duplicates ig
nored


pdfTeX warning: /usr/bin/pdflatex (file /usr/share/texlive/texmf-var/fonts/map/
pdftex/updmap/pdftex.map): fontmap entry for `hvb' already exists, duplicates i
gnored


pdfTeX warning: /usr/bin/pdflatex (file /usr/share/texlive/texmf-var/fonts/map/
pdftex/updmap/pdftex.map): fontmap entry for `hvbo' already exists, duplicates 
ignored


pdfTeX warning: /usr/bin/pdflatex (file /usr/share/texlive/texmf-var/fonts/map/
pdftex/updmap/pdftex.map): fontmap entry for `hvo' already exists, duplicates i
gnored


pdfTeX warning: /usr/bin/pdflatex (file /usr/share/texlive/texmf-var/fonts/map/
pdftex/updmap/pdftex.map): fontmap entry for `pagd8g' already exists, duplicate
s ignored


pdfTeX warning: /usr/bin/pdflatex (file /usr/share/texlive/texmf-var/fonts/map/
pdftex/updmap/pdftex.map): fontmap entry for `pagd8r' already exists, duplicate
s ignored


pdfTeX warning: /usr/bin/pdflatex (file /usr/share/texlive/texmf-var/fonts/map/
pdftex/updmap/pdftex.map): fontmap entry for `pagd8y' already exists, duplicate
s ignored


pdfTeX warning: /usr/bin/pdflatex (file /usr/share/texlive/texmf-var/fonts/map/
pdftex/updmap/pdftex.map): fontmap entry for `pagd8z' already exists, duplicate
s ignored


pdfTeX warning: /usr/bin/pdflatex (file /usr/share/texlive/texmf-var/fonts/map/
pdftex/updmap/pdftex.map): fontmap entry for `pagdo8g' already exists, duplicat
es ignored


pdfTeX warning: /usr/bin/pdflatex (file /usr/share/texlive/texmf-var/fonts/map/
pdftex/updmap/pdftex.map): fontmap entry for `pagdo8r' already exists, duplicat
es ignored


pdfTeX warning: /usr/bin/pdflatex (file /usr/share/texlive/texmf-var/fonts/map/
pdftex/updmap/pdftex.map): fontmap entry for `pagdo8y' already exists, duplicat
es ignored


pdfTeX warning: /usr/bin/pdflatex (file /usr/share/texlive/texmf-var/fonts/map/
pdftex/updmap/pdftex.map): fontmap entry for `pagdo8z' already exists, duplicat
es ignored


pdfTeX warning: /usr/bin/pdflatex (file /usr/share/texlive/texmf-var/fonts/map/
pdftex/updmap/pdftex.map): fontmap entry for `pagk8g' already exists, duplicate
s ignored


pdfTeX warning: /usr/bin/pdflatex (file /usr/share/texlive/texmf-var/fonts/map/
pdftex/updmap/pdftex.map): fontmap entry for `pagk8r' already exists, duplicate
s ignored


pdfTeX warning: /usr/bin/pdflatex (file /usr/share/texlive/texmf-var/fonts/map/
pdftex/updmap/pdftex.map): fontmap entry for `pagk8y' already exists, duplicate
s ignored


pdfTeX warning: /usr/bin/pdflatex (file /usr/share/texlive/texmf-var/fonts/map/
pdftex/updmap/pdftex.map): fontmap entry for `pagk8z' already exists, duplicate
s ignored


pdfTeX warning: /usr/bin/pdflatex (file /usr/share/texlive/texmf-var/fonts/map/
pdftex/updmap/pdftex.map): fontmap entry for `pagko8g' already exists, duplicat
es ignored


pdfTeX warning: /usr/bin/pdflatex (file /usr/share/texlive/texmf-var/fonts/map/
pdftex/updmap/pdftex.map): fontmap entry for `pagko8r' already exists, duplicat
es ignored


pdfTeX warning: /usr/bin/pdflatex (file /usr/share/texlive/texmf-var/fonts/map/
pdftex/updmap/pdftex.map): fontmap entry for `pagko8y' already exists, duplicat
es ignored


pdfTeX warning: /usr/bin/pdflatex (file /usr/share/texlive/texmf-var/fonts/map/
pdftex/updmap/pdftex.map): fontmap entry for `pagko8z' already exists, duplicat
es ignored


pdfTeX warning: /usr/bin/pdflatex (file /usr/share/texlive/texmf-var/fonts/map/
pdftex/updmap/pdftex.map): fontmap entry for `pbkd8g' already exists, duplicate
s ignored


pdfTeX warning: /usr/bin/pdflatex (file /usr/share/texlive/texmf-var/fonts/map/
pdftex/updmap/pdftex.map): fontmap entry for `pbkd8r' already exists, duplicate
s ignored


pdfTeX warning: /usr/bin/pdflatex (file /usr/share/texlive/texmf-var/fonts/map/
pdftex/updmap/pdftex.map): fontmap entry for `pbkd8y' already exists, duplicate
s ignored


pdfTeX warning: /usr/bin/pdflatex (file /usr/share/texlive/texmf-var/fonts/map/
pdftex/updmap/pdftex.map): fontmap entry for `pbkd8z' already exists, duplicate
s ignored


pdfTeX warning: /usr/bin/pdflatex (file /usr/share/texlive/texmf-var/fonts/map/
pdftex/updmap/pdftex.map): fontmap entry for `pbkdi8g' already exists, duplicat
es ignored


pdfTeX warning: /usr/bin/pdflatex (file /usr/share/texlive/texmf-var/fonts/map/
pdftex/updmap/pdftex.map): fontmap entry for `pbkdi8r' already exists, duplicat
es ignored


pdfTeX warning: /usr/bin/pdflatex (file /usr/share/texlive/texmf-var/fonts/map/
pdftex/updmap/pdftex.map): fontmap entry for `pbkdi8y' already exists, duplicat
es ignored


pdfTeX warning: /usr/bin/pdflatex (file /usr/share/texlive/texmf-var/fonts/map/
pdftex/updmap/pdftex.map): fontmap entry for `pbkdi8z' already exists, duplicat
es ignored


pdfTeX warning: /usr/bin/pdflatex (file /usr/share/texlive/texmf-var/fonts/map/
pdftex/updmap/pdftex.map): invalid entry for `pbkdo8r': SlantFont/ExtendFont ca
n be used only with embedded Type1 fonts


pdfTeX warning: /usr/bin/pdflatex (file /usr/share/texlive/texmf-var/fonts/map/
pdftex/updmap/pdftex.map): invalid entry for `pbkdo8y': SlantFont/ExtendFont ca
n be used only with embedded Type1 fonts


pdfTeX warning: /usr/bin/pdflatex (file /usr/share/texlive/texmf-var/fonts/map/
pdftex/updmap/pdftex.map): fontmap entry for `pbkl8g' already exists, duplicate
s ignored


pdfTeX warning: /usr/bin/pdflatex (file /usr/share/texlive/texmf-var/fonts/map/
pdftex/updmap/pdftex.map): fontmap entry for `pbkl8r' already exists, duplicate
s ignored


pdfTeX warning: /usr/bin/pdflatex (file /usr/share/texlive/texmf-var/fonts/map/
pdftex/updmap/pdftex.map): fontmap entry for `pbkl8y' already exists, duplicate
s ignored


pdfTeX warning: /usr/bin/pdflatex (file /usr/share/texlive/texmf-var/fonts/map/
pdftex/updmap/pdftex.map): fontmap entry for `pbkl8z' already exists, duplicate
s ignored


pdfTeX warning: /usr/bin/pdflatex (file /usr/share/texlive/texmf-var/fonts/map/
pdftex/updmap/pdftex.map): fontmap entry for `pbkli8g' already exists, duplicat
es ignored


pdfTeX warning: /usr/bin/pdflatex (file /usr/share/texlive/texmf-var/fonts/map/
pdftex/updmap/pdftex.map): fontmap entry for `pbkli8r' already exists, duplicat
es ignored


pdfTeX warning: /usr/bin/pdflatex (file /usr/share/texlive/texmf-var/fonts/map/
pdftex/updmap/pdftex.map): fontmap entry for `pbkli8y' already exists, duplicat
es ignored


pdfTeX warning: /usr/bin/pdflatex (file /usr/share/texlive/texmf-var/fonts/map/
pdftex/updmap/pdftex.map): fontmap entry for `pbkli8z' already exists, duplicat
es ignored


pdfTeX warning: /usr/bin/pdflatex (file /usr/share/texlive/texmf-var/fonts/map/
pdftex/updmap/pdftex.map): invalid entry for `pbklo8r': SlantFont/ExtendFont ca
n be used only with embedded Type1 fonts


pdfTeX warning: /usr/bin/pdflatex (file /usr/share/texlive/texmf-var/fonts/map/
pdftex/updmap/pdftex.map): invalid entry for `pbklo8y': SlantFont/ExtendFont ca
n be used only with embedded Type1 fonts


pdfTeX warning: /usr/bin/pdflatex (file /usr/share/texlive/texmf-var/fonts/map/
pdftex/updmap/pdftex.map): fontmap entry for `pcrb8g' already exists, duplicate
s ignored


pdfTeX warning: /usr/bin/pdflatex (file /usr/share/texlive/texmf-var/fonts/map/
pdftex/updmap/pdftex.map): fontmap entry for `pcrb8r' already exists, duplicate
s ignored


pdfTeX warning: /usr/bin/pdflatex (file /usr/share/texlive/texmf-var/fonts/map/
pdftex/updmap/pdftex.map): fontmap entry for `pcrb8u' already exists, duplicate
s ignored


pdfTeX warning: /usr/bin/pdflatex (file /usr/share/texlive/texmf-var/fonts/map/
pdftex/updmap/pdftex.map): fontmap entry for `pcrb8y' already exists, duplicate
s ignored


pdfTeX warning: /usr/bin/pdflatex (file /usr/share/texlive/texmf-var/fonts/map/
pdftex/updmap/pdftex.map): fontmap entry for `pcrbo8g' already exists, duplicat
es ignored


pdfTeX warning: /usr/bin/pdflatex (file /usr/share/texlive/texmf-var/fonts/map/
pdftex/updmap/pdftex.map): fontmap entry for `pcrbo8r' already exists, duplicat
es ignored


pdfTeX warning: /usr/bin/pdflatex (file /usr/share/texlive/texmf-var/fonts/map/
pdftex/updmap/pdftex.map): fontmap entry for `pcrbo8u' already exists, duplicat
es ignored


pdfTeX warning: /usr/bin/pdflatex (file /usr/share/texlive/texmf-var/fonts/map/
pdftex/updmap/pdftex.map): fontmap entry for `pcrbo8y' already exists, duplicat
es ignored


pdfTeX warning: /usr/bin/pdflatex (file /usr/share/texlive/texmf-var/fonts/map/
pdftex/updmap/pdftex.map): fontmap entry for `pcrr8g' already exists, duplicate
s ignored


pdfTeX warning: /usr/bin/pdflatex (file /usr/share/texlive/texmf-var/fonts/map/
pdftex/updmap/pdftex.map): fontmap entry for `pcrr8r' already exists, duplicate
s ignored


pdfTeX warning: /usr/bin/pdflatex (file /usr/share/texlive/texmf-var/fonts/map/
pdftex/updmap/pdftex.map): invalid entry for `pcrr8rn': SlantFont/ExtendFont ca
n be used only with embedded Type1 fonts


pdfTeX warning: /usr/bin/pdflatex (file /usr/share/texlive/texmf-var/fonts/map/
pdftex/updmap/pdftex.map): fontmap entry for `pcrr8u' already exists, duplicate
s ignored


pdfTeX warning: /usr/bin/pdflatex (file /usr/share/texlive/texmf-var/fonts/map/
pdftex/updmap/pdftex.map): fontmap entry for `pcrr8y' already exists, duplicate
s ignored


pdfTeX warning: /usr/bin/pdflatex (file /usr/share/texlive/texmf-var/fonts/map/
pdftex/updmap/pdftex.map): fontmap entry for `pcrro8g' already exists, duplicat
es ignored


pdfTeX warning: /usr/bin/pdflatex (file /usr/share/texlive/texmf-var/fonts/map/
pdftex/updmap/pdftex.map): fontmap entry for `pcrro8r' already exists, duplicat
es ignored


pdfTeX warning: /usr/bin/pdflatex (file /usr/share/texlive/texmf-var/fonts/map/
pdftex/updmap/pdftex.map): fontmap entry for `pcrro8u' already exists, duplicat
es ignored


pdfTeX warning: /usr/bin/pdflatex (file /usr/share/texlive/texmf-var/fonts/map/
pdftex/updmap/pdftex.map): fontmap entry for `pcrro8y' already exists, duplicat
es ignored


pdfTeX warning: /usr/bin/pdflatex (file /usr/share/texlive/texmf-var/fonts/map/
pdftex/updmap/pdftex.map): fontmap entry for `phvb8g' already exists, duplicate
s ignored


pdfTeX warning: /usr/bin/pdflatex (file /usr/share/texlive/texmf-var/fonts/map/
pdftex/updmap/pdftex.map): fontmap entry for `phvb8r' already exists, duplicate
s ignored


pdfTeX warning: /usr/bin/pdflatex (file /usr/share/texlive/texmf-var/fonts/map/
pdftex/updmap/pdftex.map): fontmap entry for `phvb8rn' already exists, duplicat
es ignored


pdfTeX warning: /usr/bin/pdflatex (file /usr/share/texlive/texmf-var/fonts/map/
pdftex/updmap/pdftex.map): fontmap entry for `phvb8y' already exists, duplicate
s ignored


pdfTeX warning: /usr/bin/pdflatex (file /usr/share/texlive/texmf-var/fonts/map/
pdftex/updmap/pdftex.map): fontmap entry for `phvb8yn' already exists, duplicat
es ignored


pdfTeX warning: /usr/bin/pdflatex (file /usr/share/texlive/texmf-var/fonts/map/
pdftex/updmap/pdftex.map): fontmap entry for `phvb8z' already exists, duplicate
s ignored


pdfTeX warning: /usr/bin/pdflatex (file /usr/share/texlive/texmf-var/fonts/map/
pdftex/updmap/pdftex.map): fontmap entry for `phvbn8g' already exists, duplicat
es ignored


pdfTeX warning: /usr/bin/pdflatex (file /usr/share/texlive/texmf-var/fonts/map/
pdftex/updmap/pdftex.map): fontmap entry for `phvbn8z' already exists, duplicat
es ignored


pdfTeX warning: /usr/bin/pdflatex (file /usr/share/texlive/texmf-var/fonts/map/
pdftex/updmap/pdftex.map): fontmap entry for `phvbo8g' already exists, duplicat
es ignored


pdfTeX warning: /usr/bin/pdflatex (file /usr/share/texlive/texmf-var/fonts/map/
pdftex/updmap/pdftex.map): fontmap entry for `phvbo8r' already exists, duplicat
es ignored


pdfTeX warning: /usr/bin/pdflatex (file /usr/share/texlive/texmf-var/fonts/map/
pdftex/updmap/pdftex.map): fontmap entry for `phvbo8rn' already exists, duplica
tes ignored


pdfTeX warning: /usr/bin/pdflatex (file /usr/share/texlive/texmf-var/fonts/map/
pdftex/updmap/pdftex.map): fontmap entry for `phvbo8y' already exists, duplicat
es ignored


pdfTeX warning: /usr/bin/pdflatex (file /usr/share/texlive/texmf-var/fonts/map/
pdftex/updmap/pdftex.map): fontmap entry for `phvbo8yn' already exists, duplica
tes ignored


pdfTeX warning: /usr/bin/pdflatex (file /usr/share/texlive/texmf-var/fonts/map/
pdftex/updmap/pdftex.map): fontmap entry for `phvbo8z' already exists, duplicat
es ignored


pdfTeX warning: /usr/bin/pdflatex (file /usr/share/texlive/texmf-var/fonts/map/
pdftex/updmap/pdftex.map): fontmap entry for `phvbon8g' already exists, duplica
tes ignored


pdfTeX warning: /usr/bin/pdflatex (file /usr/share/texlive/texmf-var/fonts/map/
pdftex/updmap/pdftex.map): fontmap entry for `phvbon8z' already exists, duplica
tes ignored


pdfTeX warning: /usr/bin/pdflatex (file /usr/share/texlive/texmf-var/fonts/map/
pdftex/updmap/pdftex.map): fontmap entry for `phvr8g' already exists, duplicate
s ignored


pdfTeX warning: /usr/bin/pdflatex (file /usr/share/texlive/texmf-var/fonts/map/
pdftex/updmap/pdftex.map): fontmap entry for `phvr8r' already exists, duplicate
s ignored


pdfTeX warning: /usr/bin/pdflatex (file /usr/share/texlive/texmf-var/fonts/map/
pdftex/updmap/pdftex.map): fontmap entry for `phvr8rn' already exists, duplicat
es ignored


pdfTeX warning: /usr/bin/pdflatex (file /usr/share/texlive/texmf-var/fonts/map/
pdftex/updmap/pdftex.map): fontmap entry for `phvr8y' already exists, duplicate
s ignored


pdfTeX warning: /usr/bin/pdflatex (file /usr/share/texlive/texmf-var/fonts/map/
pdftex/updmap/pdftex.map): fontmap entry for `phvr8yn' already exists, duplicat
es ignored


pdfTeX warning: /usr/bin/pdflatex (file /usr/share/texlive/texmf-var/fonts/map/
pdftex/updmap/pdftex.map): fontmap entry for `phvr8z' already exists, duplicate
s ignored


pdfTeX warning: /usr/bin/pdflatex (file /usr/share/texlive/texmf-var/fonts/map/
pdftex/updmap/pdftex.map): fontmap entry for `phvrn8g' already exists, duplicat
es ignored


pdfTeX warning: /usr/bin/pdflatex (file /usr/share/texlive/texmf-var/fonts/map/
pdftex/updmap/pdftex.map): fontmap entry for `phvrn8z' already exists, duplicat
es ignored


pdfTeX warning: /usr/bin/pdflatex (file /usr/share/texlive/texmf-var/fonts/map/
pdftex/updmap/pdftex.map): fontmap entry for `phvro8g' already exists, duplicat
es ignored


pdfTeX warning: /usr/bin/pdflatex (file /usr/share/texlive/texmf-var/fonts/map/
pdftex/updmap/pdftex.map): fontmap entry for `phvro8r' already exists, duplicat
es ignored


pdfTeX warning: /usr/bin/pdflatex (file /usr/share/texlive/texmf-var/fonts/map/
pdftex/updmap/pdftex.map): fontmap entry for `phvro8rn' already exists, duplica
tes ignored


pdfTeX warning: /usr/bin/pdflatex (file /usr/share/texlive/texmf-var/fonts/map/
pdftex/updmap/pdftex.map): fontmap entry for `phvro8y' already exists, duplicat
es ignored


pdfTeX warning: /usr/bin/pdflatex (file /usr/share/texlive/texmf-var/fonts/map/
pdftex/updmap/pdftex.map): fontmap entry for `phvro8yn' already exists, duplica
tes ignored


pdfTeX warning: /usr/bin/pdflatex (file /usr/share/texlive/texmf-var/fonts/map/
pdftex/updmap/pdftex.map): fontmap entry for `phvro8z' already exists, duplicat
es ignored


pdfTeX warning: /usr/bin/pdflatex (file /usr/share/texlive/texmf-var/fonts/map/
pdftex/updmap/pdftex.map): fontmap entry for `phvron8g' already exists, duplica
tes ignored


pdfTeX warning: /usr/bin/pdflatex (file /usr/share/texlive/texmf-var/fonts/map/
pdftex/updmap/pdftex.map): fontmap entry for `phvron8z' already exists, duplica
tes ignored


pdfTeX warning: /usr/bin/pdflatex (file /usr/share/texlive/texmf-var/fonts/map/
pdftex/updmap/pdftex.map): fontmap entry for `pncb8g' already exists, duplicate
s ignored


pdfTeX warning: /usr/bin/pdflatex (file /usr/share/texlive/texmf-var/fonts/map/
pdftex/updmap/pdftex.map): fontmap entry for `pncb8r' already exists, duplicate
s ignored


pdfTeX warning: /usr/bin/pdflatex (file /usr/share/texlive/texmf-var/fonts/map/
pdftex/updmap/pdftex.map): fontmap entry for `pncb8y' already exists, duplicate
s ignored


pdfTeX warning: /usr/bin/pdflatex (file /usr/share/texlive/texmf-var/fonts/map/
pdftex/updmap/pdftex.map): fontmap entry for `pncb8z' already exists, duplicate
s ignored


pdfTeX warning: /usr/bin/pdflatex (file /usr/share/texlive/texmf-var/fonts/map/
pdftex/updmap/pdftex.map): fontmap entry for `pncbi8g' already exists, duplicat
es ignored


pdfTeX warning: /usr/bin/pdflatex (file /usr/share/texlive/texmf-var/fonts/map/
pdftex/updmap/pdftex.map): fontmap entry for `pncbi8r' already exists, duplicat
es ignored


pdfTeX warning: /usr/bin/pdflatex (file /usr/share/texlive/texmf-var/fonts/map/
pdftex/updmap/pdftex.map): fontmap entry for `pncbi8y' already exists, duplicat
es ignored


pdfTeX warning: /usr/bin/pdflatex (file /usr/share/texlive/texmf-var/fonts/map/
pdftex/updmap/pdftex.map): fontmap entry for `pncbi8z' already exists, duplicat
es ignored


pdfTeX warning: /usr/bin/pdflatex (file /usr/share/texlive/texmf-var/fonts/map/
pdftex/updmap/pdftex.map): invalid entry for `pncbo8r': SlantFont/ExtendFont ca
n be used only with embedded Type1 fonts


pdfTeX warning: /usr/bin/pdflatex (file /usr/share/texlive/texmf-var/fonts/map/
pdftex/updmap/pdftex.map): invalid entry for `pncbo8y': SlantFont/ExtendFont ca
n be used only with embedded Type1 fonts


pdfTeX warning: /usr/bin/pdflatex (file /usr/share/texlive/texmf-var/fonts/map/
pdftex/updmap/pdftex.map): fontmap entry for `pncr8g' already exists, duplicate
s ignored


pdfTeX warning: /usr/bin/pdflatex (file /usr/share/texlive/texmf-var/fonts/map/
pdftex/updmap/pdftex.map): fontmap entry for `pncr8r' already exists, duplicate
s ignored


pdfTeX warning: /usr/bin/pdflatex (file /usr/share/texlive/texmf-var/fonts/map/
pdftex/updmap/pdftex.map): fontmap entry for `pncr8y' already exists, duplicate
s ignored


pdfTeX warning: /usr/bin/pdflatex (file /usr/share/texlive/texmf-var/fonts/map/
pdftex/updmap/pdftex.map): fontmap entry for `pncr8z' already exists, duplicate
s ignored


pdfTeX warning: /usr/bin/pdflatex (file /usr/share/texlive/texmf-var/fonts/map/
pdftex/updmap/pdftex.map): fontmap entry for `pncri8g' already exists, duplicat
es ignored


pdfTeX warning: /usr/bin/pdflatex (file /usr/share/texlive/texmf-var/fonts/map/
pdftex/updmap/pdftex.map): fontmap entry for `pncri8r' already exists, duplicat
es ignored


pdfTeX warning: /usr/bin/pdflatex (file /usr/share/texlive/texmf-var/fonts/map/
pdftex/updmap/pdftex.map): fontmap entry for `pncri8y' already exists, duplicat
es ignored


pdfTeX warning: /usr/bin/pdflatex (file /usr/share/texlive/texmf-var/fonts/map/
pdftex/updmap/pdftex.map): fontmap entry for `pncri8z' already exists, duplicat
es ignored


pdfTeX warning: /usr/bin/pdflatex (file /usr/share/texlive/texmf-var/fonts/map/
pdftex/updmap/pdftex.map): invalid entry for `pncro8r': SlantFont/ExtendFont ca
n be used only with embedded Type1 fonts


pdfTeX warning: /usr/bin/pdflatex (file /usr/share/texlive/texmf-var/fonts/map/
pdftex/updmap/pdftex.map): invalid entry for `pncro8y': SlantFont/ExtendFont ca
n be used only with embedded Type1 fonts


pdfTeX warning: /usr/bin/pdflatex (file /usr/share/texlive/texmf-var/fonts/map/
pdftex/updmap/pdftex.map): fontmap entry for `pplb8g' already exists, duplicate
s ignored


pdfTeX warning: /usr/bin/pdflatex (file /usr/share/texlive/texmf-var/fonts/map/
pdftex/updmap/pdftex.map): fontmap entry for `pplb8r' already exists, duplicate
s ignored


pdfTeX warning: /usr/bin/pdflatex (file /usr/share/texlive/texmf-var/fonts/map/
pdftex/updmap/pdftex.map): fontmap entry for `pplb8y' already exists, duplicate
s ignored


pdfTeX warning: /usr/bin/pdflatex (file /usr/share/texlive/texmf-var/fonts/map/
pdftex/updmap/pdftex.map): fontmap entry for `pplb8z' already exists, duplicate
s ignored


pdfTeX warning: /usr/bin/pdflatex (file /usr/share/texlive/texmf-var/fonts/map/
pdftex/updmap/pdftex.map): fontmap entry for `pplbi8g' already exists, duplicat
es ignored


pdfTeX warning: /usr/bin/pdflatex (file /usr/share/texlive/texmf-var/fonts/map/
pdftex/updmap/pdftex.map): fontmap entry for `pplbi8r' already exists, duplicat
es ignored


pdfTeX warning: /usr/bin/pdflatex (file /usr/share/texlive/texmf-var/fonts/map/
pdftex/updmap/pdftex.map): fontmap entry for `pplbi8y' already exists, duplicat
es ignored


pdfTeX warning: /usr/bin/pdflatex (file /usr/share/texlive/texmf-var/fonts/map/
pdftex/updmap/pdftex.map): fontmap entry for `pplbi8z' already exists, duplicat
es ignored


pdfTeX warning: /usr/bin/pdflatex (file /usr/share/texlive/texmf-var/fonts/map/
pdftex/updmap/pdftex.map): invalid entry for `pplbo8r': SlantFont/ExtendFont ca
n be used only with embedded Type1 fonts


pdfTeX warning: /usr/bin/pdflatex (file /usr/share/texlive/texmf-var/fonts/map/
pdftex/updmap/pdftex.map): invalid entry for `pplbo8y': SlantFont/ExtendFont ca
n be used only with embedded Type1 fonts


pdfTeX warning: /usr/bin/pdflatex (file /usr/share/texlive/texmf-var/fonts/map/
pdftex/updmap/pdftex.map): invalid entry for `pplbu8r': SlantFont/ExtendFont ca
n be used only with embedded Type1 fonts


pdfTeX warning: /usr/bin/pdflatex (file /usr/share/texlive/texmf-var/fonts/map/
pdftex/updmap/pdftex.map): invalid entry for `pplbu8y': SlantFont/ExtendFont ca
n be used only with embedded Type1 fonts


pdfTeX warning: /usr/bin/pdflatex (file /usr/share/texlive/texmf-var/fonts/map/
pdftex/updmap/pdftex.map): fontmap entry for `pplr8g' already exists, duplicate
s ignored


pdfTeX warning: /usr/bin/pdflatex (file /usr/share/texlive/texmf-var/fonts/map/
pdftex/updmap/pdftex.map): fontmap entry for `pplr8r' already exists, duplicate
s ignored


pdfTeX warning: /usr/bin/pdflatex (file /usr/share/texlive/texmf-var/fonts/map/
pdftex/updmap/pdftex.map): invalid entry for `pplr8rn': SlantFont/ExtendFont ca
n be used only with embedded Type1 fonts


pdfTeX warning: /usr/bin/pdflatex (file /usr/share/texlive/texmf-var/fonts/map/
pdftex/updmap/pdftex.map): fontmap entry for `pplr8y' already exists, duplicate
s ignored


pdfTeX warning: /usr/bin/pdflatex (file /usr/share/texlive/texmf-var/fonts/map/
pdftex/updmap/pdftex.map): invalid entry for `pplr8yn': SlantFont/ExtendFont ca
n be used only with embedded Type1 fonts


pdfTeX warning: /usr/bin/pdflatex (file /usr/share/texlive/texmf-var/fonts/map/
pdftex/updmap/pdftex.map): fontmap entry for `pplr8z' already exists, duplicate
s ignored


pdfTeX warning: /usr/bin/pdflatex (file /usr/share/texlive/texmf-var/fonts/map/
pdftex/updmap/pdftex.map): fontmap entry for `pplri8g' already exists, duplicat
es ignored


pdfTeX warning: /usr/bin/pdflatex (file /usr/share/texlive/texmf-var/fonts/map/
pdftex/updmap/pdftex.map): fontmap entry for `pplri8r' already exists, duplicat
es ignored


pdfTeX warning: /usr/bin/pdflatex (file /usr/share/texlive/texmf-var/fonts/map/
pdftex/updmap/pdftex.map): fontmap entry for `pplri8y' already exists, duplicat
es ignored


pdfTeX warning: /usr/bin/pdflatex (file /usr/share/texlive/texmf-var/fonts/map/
pdftex/updmap/pdftex.map): fontmap entry for `pplri8z' already exists, duplicat
es ignored


pdfTeX warning: /usr/bin/pdflatex (file /usr/share/texlive/texmf-var/fonts/map/
pdftex/updmap/pdftex.map): invalid entry for `pplro8r': SlantFont/ExtendFont ca
n be used only with embedded Type1 fonts


pdfTeX warning: /usr/bin/pdflatex (file /usr/share/texlive/texmf-var/fonts/map/
pdftex/updmap/pdftex.map): invalid entry for `pplro8y': SlantFont/ExtendFont ca
n be used only with embedded Type1 fonts


pdfTeX warning: /usr/bin/pdflatex (file /usr/share/texlive/texmf-var/fonts/map/
pdftex/updmap/pdftex.map): invalid entry for `pplrr8re': SlantFont/ExtendFont c
an be used only with embedded Type1 fonts


pdfTeX warning: /usr/bin/pdflatex (file /usr/share/texlive/texmf-var/fonts/map/
pdftex/updmap/pdftex.map): invalid entry for `pplrr8ye': SlantFont/ExtendFont c
an be used only with embedded Type1 fonts


pdfTeX warning: /usr/bin/pdflatex (file /usr/share/texlive/texmf-var/fonts/map/
pdftex/updmap/pdftex.map): invalid entry for `pplru8r': SlantFont/ExtendFont ca
n be used only with embedded Type1 fonts


pdfTeX warning: /usr/bin/pdflatex (file /usr/share/texlive/texmf-var/fonts/map/
pdftex/updmap/pdftex.map): invalid entry for `pplru8y': SlantFont/ExtendFont ca
n be used only with embedded Type1 fonts


pdfTeX warning: /usr/bin/pdflatex (file /usr/share/texlive/texmf-var/fonts/map/
pdftex/updmap/pdftex.map): fontmap entry for `psyr' already exists, duplicates 
ignored


pdfTeX warning: /usr/bin/pdflatex (file /usr/share/texlive/texmf-var/fonts/map/
pdftex/updmap/pdftex.map): fontmap entry for `psyrgo' already exists, duplicate
s ignored


pdfTeX warning: /usr/bin/pdflatex (file /usr/share/texlive/texmf-var/fonts/map/
pdftex/updmap/pdftex.map): invalid entry for `psyro': SlantFont/ExtendFont can 
be used only with embedded Type1 fonts


pdfTeX warning: /usr/bin/pdflatex (file /usr/share/texlive/texmf-var/fonts/map/
pdftex/updmap/pdftex.map): fontmap entry for `ptmb8g' already exists, duplicate
s ignored


pdfTeX warning: /usr/bin/pdflatex (file /usr/share/texlive/texmf-var/fonts/map/
pdftex/updmap/pdftex.map): fontmap entry for `ptmb8r' already exists, duplicate
s ignored


pdfTeX warning: /usr/bin/pdflatex (file /usr/share/texlive/texmf-var/fonts/map/
pdftex/updmap/pdftex.map): fontmap entry for `ptmb8y' already exists, duplicate
s ignored


pdfTeX warning: /usr/bin/pdflatex (file /usr/share/texlive/texmf-var/fonts/map/
pdftex/updmap/pdftex.map): fontmap entry for `ptmb8z' already exists, duplicate
s ignored


pdfTeX warning: /usr/bin/pdflatex (file /usr/share/texlive/texmf-var/fonts/map/
pdftex/updmap/pdftex.map): fontmap entry for `ptmbi8g' already exists, duplicat
es ignored


pdfTeX warning: /usr/bin/pdflatex (file /usr/share/texlive/texmf-var/fonts/map/
pdftex/updmap/pdftex.map): fontmap entry for `ptmbi8r' already exists, duplicat
es ignored


pdfTeX warning: /usr/bin/pdflatex (file /usr/share/texlive/texmf-var/fonts/map/
pdftex/updmap/pdftex.map): fontmap entry for `ptmbi8y' already exists, duplicat
es ignored


pdfTeX warning: /usr/bin/pdflatex (file /usr/share/texlive/texmf-var/fonts/map/
pdftex/updmap/pdftex.map): fontmap entry for `ptmbi8z' already exists, duplicat
es ignored


pdfTeX warning: /usr/bin/pdflatex (file /usr/share/texlive/texmf-var/fonts/map/
pdftex/updmap/pdftex.map): invalid entry for `ptmbo8r': SlantFont/ExtendFont ca
n be used only with embedded Type1 fonts


pdfTeX warning: /usr/bin/pdflatex (file /usr/share/texlive/texmf-var/fonts/map/
pdftex/updmap/pdftex.map): invalid entry for `ptmbo8y': SlantFont/ExtendFont ca
n be used only with embedded Type1 fonts


pdfTeX warning: /usr/bin/pdflatex (file /usr/share/texlive/texmf-var/fonts/map/
pdftex/updmap/pdftex.map): fontmap entry for `ptmr8g' already exists, duplicate
s ignored


pdfTeX warning: /usr/bin/pdflatex (file /usr/share/texlive/texmf-var/fonts/map/
pdftex/updmap/pdftex.map): fontmap entry for `ptmr8r' already exists, duplicate
s ignored


pdfTeX warning: /usr/bin/pdflatex (file /usr/share/texlive/texmf-var/fonts/map/
pdftex/updmap/pdftex.map): invalid entry for `ptmr8rn': SlantFont/ExtendFont ca
n be used only with embedded Type1 fonts


pdfTeX warning: /usr/bin/pdflatex (file /usr/share/texlive/texmf-var/fonts/map/
pdftex/updmap/pdftex.map): fontmap entry for `ptmr8y' already exists, duplicate
s ignored


pdfTeX warning: /usr/bin/pdflatex (file /usr/share/texlive/texmf-var/fonts/map/
pdftex/updmap/pdftex.map): invalid entry for `ptmr8yn': SlantFont/ExtendFont ca
n be used only with embedded Type1 fonts


pdfTeX warning: /usr/bin/pdflatex (file /usr/share/texlive/texmf-var/fonts/map/
pdftex/updmap/pdftex.map): fontmap entry for `ptmr8z' already exists, duplicate
s ignored


pdfTeX warning: /usr/bin/pdflatex (file /usr/share/texlive/texmf-var/fonts/map/
pdftex/updmap/pdftex.map): fontmap entry for `ptmri8g' already exists, duplicat
es ignored


pdfTeX warning: /usr/bin/pdflatex (file /usr/share/texlive/texmf-var/fonts/map/
pdftex/updmap/pdftex.map): fontmap entry for `ptmri8r' already exists, duplicat
es ignored


pdfTeX warning: /usr/bin/pdflatex (file /usr/share/texlive/texmf-var/fonts/map/
pdftex/updmap/pdftex.map): fontmap entry for `ptmri8y' already exists, duplicat
es ignored


pdfTeX warning: /usr/bin/pdflatex (file /usr/share/texlive/texmf-var/fonts/map/
pdftex/updmap/pdftex.map): fontmap entry for `ptmri8z' already exists, duplicat
es ignored


pdfTeX warning: /usr/bin/pdflatex (file /usr/share/texlive/texmf-var/fonts/map/
pdftex/updmap/pdftex.map): invalid entry for `ptmro8r': SlantFont/ExtendFont ca
n be used only with embedded Type1 fonts


pdfTeX warning: /usr/bin/pdflatex (file /usr/share/texlive/texmf-var/fonts/map/
pdftex/updmap/pdftex.map): invalid entry for `ptmro8y': SlantFont/ExtendFont ca
n be used only with embedded Type1 fonts


pdfTeX warning: /usr/bin/pdflatex (file /usr/share/texlive/texmf-var/fonts/map/
pdftex/updmap/pdftex.map): invalid entry for `ptmrr8re': SlantFont/ExtendFont c
an be used only with embedded Type1 fonts


pdfTeX warning: /usr/bin/pdflatex (file /usr/share/texlive/texmf-var/fonts/map/
pdftex/updmap/pdftex.map): invalid entry for `ptmrr8ye': SlantFont/ExtendFont c
an be used only with embedded Type1 fonts


pdfTeX warning: /usr/bin/pdflatex (file /usr/share/texlive/texmf-var/fonts/map/
pdftex/updmap/pdftex.map): fontmap entry for `pzcmi8r' already exists, duplicat
es ignored


pdfTeX warning: /usr/bin/pdflatex (file /usr/share/texlive/texmf-var/fonts/map/
pdftex/updmap/pdftex.map): fontmap entry for `pzcmi8z' already exists, duplicat
es ignored


pdfTeX warning: /usr/bin/pdflatex (file /usr/share/texlive/texmf-var/fonts/map/
pdftex/updmap/pdftex.map): fontmap entry for `pzdr' already exists, duplicates 
ignored


pdfTeX warning: /usr/bin/pdflatex (file /usr/share/texlive/texmf-var/fonts/map/
pdftex/updmap/pdftex.map): fontmap entry for `rpagd' already exists, duplicates
 ignored


pdfTeX warning: /usr/bin/pdflatex (file /usr/share/texlive/texmf-var/fonts/map/
pdftex/updmap/pdftex.map): fontmap entry for `rpagdo' already exists, duplicate
s ignored


pdfTeX warning: /usr/bin/pdflatex (file /usr/share/texlive/texmf-var/fonts/map/
pdftex/updmap/pdftex.map): fontmap entry for `rpagk' already exists, duplicates
 ignored


pdfTeX warning: /usr/bin/pdflatex (file /usr/share/texlive/texmf-var/fonts/map/
pdftex/updmap/pdftex.map): fontmap entry for `rpagko' already exists, duplicate
s ignored


pdfTeX warning: /usr/bin/pdflatex (file /usr/share/texlive/texmf-var/fonts/map/
pdftex/updmap/pdftex.map): fontmap entry for `rpbkd' already exists, duplicates
 ignored


pdfTeX warning: /usr/bin/pdflatex (file /usr/share/texlive/texmf-var/fonts/map/
pdftex/updmap/pdftex.map): fontmap entry for `rpbkdi' already exists, duplicate
s ignored


pdfTeX warning: /usr/bin/pdflatex (file /usr/share/texlive/texmf-var/fonts/map/
pdftex/updmap/pdftex.map): fontmap entry for `rpbkl' already exists, duplicates
 ignored


pdfTeX warning: /usr/bin/pdflatex (file /usr/share/texlive/texmf-var/fonts/map/
pdftex/updmap/pdftex.map): fontmap entry for `rpbkli' already exists, duplicate
s ignored


pdfTeX warning: /usr/bin/pdflatex (file /usr/share/texlive/texmf-var/fonts/map/
pdftex/updmap/pdftex.map): fontmap entry for `rpcrb' already exists, duplicates
 ignored


pdfTeX warning: /usr/bin/pdflatex (file /usr/share/texlive/texmf-var/fonts/map/
pdftex/updmap/pdftex.map): fontmap entry for `rpcrbo' already exists, duplicate
s ignored


pdfTeX warning: /usr/bin/pdflatex (file /usr/share/texlive/texmf-var/fonts/map/
pdftex/updmap/pdftex.map): fontmap entry for `rpcrr' already exists, duplicates
 ignored


pdfTeX warning: /usr/bin/pdflatex (file /usr/share/texlive/texmf-var/fonts/map/
pdftex/updmap/pdftex.map): fontmap entry for `rpcrro' already exists, duplicate
s ignored


pdfTeX warning: /usr/bin/pdflatex (file /usr/share/texlive/texmf-var/fonts/map/
pdftex/updmap/pdftex.map): fontmap entry for `rphvb' already exists, duplicates
 ignored


pdfTeX warning: /usr/bin/pdflatex (file /usr/share/texlive/texmf-var/fonts/map/
pdftex/updmap/pdftex.map): fontmap entry for `rphvbo' already exists, duplicate
s ignored


pdfTeX warning: /usr/bin/pdflatex (file /usr/share/texlive/texmf-var/fonts/map/
pdftex/updmap/pdftex.map): invalid entry for `rphvbon': SlantFont/ExtendFont ca
n be used only with embedded Type1 fonts


pdfTeX warning: /usr/bin/pdflatex (file /usr/share/texlive/texmf-var/fonts/map/
pdftex/updmap/pdftex.map): invalid entry for `rphvbrn': SlantFont/ExtendFont ca
n be used only with embedded Type1 fonts


pdfTeX warning: /usr/bin/pdflatex (file /usr/share/texlive/texmf-var/fonts/map/
pdftex/updmap/pdftex.map): fontmap entry for `rphvr' already exists, duplicates
 ignored


pdfTeX warning: /usr/bin/pdflatex (file /usr/share/texlive/texmf-var/fonts/map/
pdftex/updmap/pdftex.map): fontmap entry for `rphvro' already exists, duplicate
s ignored


pdfTeX warning: /usr/bin/pdflatex (file /usr/share/texlive/texmf-var/fonts/map/
pdftex/updmap/pdftex.map): invalid entry for `rphvron': SlantFont/ExtendFont ca
n be used only with embedded Type1 fonts


pdfTeX warning: /usr/bin/pdflatex (file /usr/share/texlive/texmf-var/fonts/map/
pdftex/updmap/pdftex.map): invalid entry for `rphvrrn': SlantFont/ExtendFont ca
n be used only with embedded Type1 fonts


pdfTeX warning: /usr/bin/pdflatex (file /usr/share/texlive/texmf-var/fonts/map/
pdftex/updmap/pdftex.map): fontmap entry for `rpncb' already exists, duplicates
 ignored


pdfTeX warning: /usr/bin/pdflatex (file /usr/share/texlive/texmf-var/fonts/map/
pdftex/updmap/pdftex.map): fontmap entry for `rpncbi' already exists, duplicate
s ignored


pdfTeX warning: /usr/bin/pdflatex (file /usr/share/texlive/texmf-var/fonts/map/
pdftex/updmap/pdftex.map): fontmap entry for `rpncr' already exists, duplicates
 ignored


pdfTeX warning: /usr/bin/pdflatex (file /usr/share/texlive/texmf-var/fonts/map/
pdftex/updmap/pdftex.map): fontmap entry for `rpncri' already exists, duplicate
s ignored


pdfTeX warning: /usr/bin/pdflatex (file /usr/share/texlive/texmf-var/fonts/map/
pdftex/updmap/pdftex.map): fontmap entry for `rpplb' already exists, duplicates
 ignored


pdfTeX warning: /usr/bin/pdflatex (file /usr/share/texlive/texmf-var/fonts/map/
pdftex/updmap/pdftex.map): fontmap entry for `rpplbi' already exists, duplicate
s ignored


pdfTeX warning: /usr/bin/pdflatex (file /usr/share/texlive/texmf-var/fonts/map/
pdftex/updmap/pdftex.map): invalid entry for `rpplbu': SlantFont/ExtendFont can
 be used only with embedded Type1 fonts


pdfTeX warning: /usr/bin/pdflatex (file /usr/share/texlive/texmf-var/fonts/map/
pdftex/updmap/pdftex.map): fontmap entry for `rpplr' already exists, duplicates
 ignored


pdfTeX warning: /usr/bin/pdflatex (file /usr/share/texlive/texmf-var/fonts/map/
pdftex/updmap/pdftex.map): fontmap entry for `rpplri' already exists, duplicate
s ignored


pdfTeX warning: /usr/bin/pdflatex (file /usr/share/texlive/texmf-var/fonts/map/
pdftex/updmap/pdftex.map): invalid entry for `rpplro': SlantFont/ExtendFont can
 be used only with embedded Type1 fonts


pdfTeX warning: /usr/bin/pdflatex (file /usr/share/texlive/texmf-var/fonts/map/
pdftex/updmap/pdftex.map): invalid entry for `rpplrre': SlantFont/ExtendFont ca
n be used only with embedded Type1 fonts


pdfTeX warning: /usr/bin/pdflatex (file /usr/share/texlive/texmf-var/fonts/map/
pdftex/updmap/pdftex.map): invalid entry for `rpplrrn': SlantFont/ExtendFont ca
n be used only with embedded Type1 fonts


pdfTeX warning: /usr/bin/pdflatex (file /usr/share/texlive/texmf-var/fonts/map/
pdftex/updmap/pdftex.map): invalid entry for `rpplru': SlantFont/ExtendFont can
 be used only with embedded Type1 fonts


pdfTeX warning: /usr/bin/pdflatex (file /usr/share/texlive/texmf-var/fonts/map/
pdftex/updmap/pdftex.map): fontmap entry for `rpsyr' already exists, duplicates
 ignored


pdfTeX warning: /usr/bin/pdflatex (file /usr/share/texlive/texmf-var/fonts/map/
pdftex/updmap/pdftex.map): invalid entry for `rpsyro': SlantFont/ExtendFont can
 be used only with embedded Type1 fonts


pdfTeX warning: /usr/bin/pdflatex (file /usr/share/texlive/texmf-var/fonts/map/
pdftex/updmap/pdftex.map): fontmap entry for `rptmb' already exists, duplicates
 ignored


pdfTeX warning: /usr/bin/pdflatex (file /usr/share/texlive/texmf-var/fonts/map/
pdftex/updmap/pdftex.map): fontmap entry for `rptmbi' already exists, duplicate
s ignored


pdfTeX warning: /usr/bin/pdflatex (file /usr/share/texlive/texmf-var/fonts/map/
pdftex/updmap/pdftex.map): invalid entry for `rptmbo': SlantFont/ExtendFont can
 be used only with embedded Type1 fonts


pdfTeX warning: /usr/bin/pdflatex (file /usr/share/texlive/texmf-var/fonts/map/
pdftex/updmap/pdftex.map): fontmap entry for `rptmr' already exists, duplicates
 ignored


pdfTeX warning: /usr/bin/pdflatex (file /usr/share/texlive/texmf-var/fonts/map/
pdftex/updmap/pdftex.map): fontmap entry for `rptmri' already exists, duplicate
s ignored


pdfTeX warning: /usr/bin/pdflatex (file /usr/share/texlive/texmf-var/fonts/map/
pdftex/updmap/pdftex.map): invalid entry for `rptmro': SlantFont/ExtendFont can
 be used only with embedded Type1 fonts


pdfTeX warning: /usr/bin/pdflatex (file /usr/share/texlive/texmf-var/fonts/map/
pdftex/updmap/pdftex.map): invalid entry for `rptmrre': SlantFont/ExtendFont ca
n be used only with embedded Type1 fonts


pdfTeX warning: /usr/bin/pdflatex (file /usr/share/texlive/texmf-var/fonts/map/
pdftex/updmap/pdftex.map): invalid entry for `rptmrrn': SlantFont/ExtendFont ca
n be used only with embedded Type1 fonts


pdfTeX warning: /usr/bin/pdflatex (file /usr/share/texlive/texmf-var/fonts/map/
pdftex/updmap/pdftex.map): fontmap entry for `rpxpplb' already exists, duplicat
es ignored


pdfTeX warning: /usr/bin/pdflatex (file /usr/share/texlive/texmf-var/fonts/map/
pdftex/updmap/pdftex.map): fontmap entry for `rpxpplbi' already exists, duplica
tes ignored


pdfTeX warning: /usr/bin/pdflatex (file /usr/share/texlive/texmf-var/fonts/map/
pdftex/updmap/pdftex.map): invalid entry for `rpxpplbo': SlantFont/ExtendFont c
an be used only with embedded Type1 fonts


pdfTeX warning: /usr/bin/pdflatex (file /usr/share/texlive/texmf-var/fonts/map/
pdftex/updmap/pdftex.map): fontmap entry for `rpxpplr' already exists, duplicat
es ignored


pdfTeX warning: /usr/bin/pdflatex (file /usr/share/texlive/texmf-var/fonts/map/
pdftex/updmap/pdftex.map): fontmap entry for `rpxpplri' already exists, duplica
tes ignored


pdfTeX warning: /usr/bin/pdflatex (file /usr/share/texlive/texmf-var/fonts/map/
pdftex/updmap/pdftex.map): invalid entry for `rpxpplro': SlantFont/ExtendFont c
an be used only with embedded Type1 fonts


pdfTeX warning: /usr/bin/pdflatex (file /usr/share/texlive/texmf-var/fonts/map/
pdftex/updmap/pdftex.map): fontmap entry for `rpzcmi' already exists, duplicate
s ignored


pdfTeX warning: /usr/bin/pdflatex (file /usr/share/texlive/texmf-var/fonts/map/
pdftex/updmap/pdftex.map): fontmap entry for `rpzdr' already exists, duplicates
 ignored


pdfTeX warning: /usr/bin/pdflatex (file /usr/share/texlive/texmf-var/fonts/map/
pdftex/updmap/pdftex.map): fontmap entry for `rtxphvb' already exists, duplicat
es ignored


pdfTeX warning: /usr/bin/pdflatex (file /usr/share/texlive/texmf-var/fonts/map/
pdftex/updmap/pdftex.map): invalid entry for `rtxphvbo': SlantFont/ExtendFont c
an be used only with embedded Type1 fonts


pdfTeX warning: /usr/bin/pdflatex (file /usr/share/texlive/texmf-var/fonts/map/
pdftex/updmap/pdftex.map): fontmap entry for `rtxphvr' already exists, duplicat
es ignored


pdfTeX warning: /usr/bin/pdflatex (file /usr/share/texlive/texmf-var/fonts/map/
pdftex/updmap/pdftex.map): invalid entry for `rtxphvro': SlantFont/ExtendFont c
an be used only with embedded Type1 fonts


pdfTeX warning: /usr/bin/pdflatex (file /usr/share/texlive/texmf-var/fonts/map/
pdftex/updmap/pdftex.map): fontmap entry for `rtxptmb' already exists, duplicat
es ignored


pdfTeX warning: /usr/bin/pdflatex (file /usr/share/texlive/texmf-var/fonts/map/
pdftex/updmap/pdftex.map): fontmap entry for `rtxptmbi' already exists, duplica
tes ignored


pdfTeX warning: /usr/bin/pdflatex (file /usr/share/texlive/texmf-var/fonts/map/
pdftex/updmap/pdftex.map): invalid entry for `rtxptmbo': SlantFont/ExtendFont c
an be used only with embedded Type1 fonts


pdfTeX warning: /usr/bin/pdflatex (file /usr/share/texlive/texmf-var/fonts/map/
pdftex/updmap/pdftex.map): fontmap entry for `rtxptmr' already exists, duplicat
es ignored


pdfTeX warning: /usr/bin/pdflatex (file /usr/share/texlive/texmf-var/fonts/map/
pdftex/updmap/pdftex.map): fontmap entry for `rtxptmri' already exists, duplica
tes ignored


pdfTeX warning: /usr/bin/pdflatex (file /usr/share/texlive/texmf-var/fonts/map/
pdftex/updmap/pdftex.map): invalid entry for `rtxptmro': SlantFont/ExtendFont c
an be used only with embedded Type1 fonts


pdfTeX warning: /usr/bin/pdflatex (file /usr/share/texlive/texmf-var/fonts/map/
pdftex/updmap/pdftex.map): fontmap entry for `sy' already exists, duplicates ig
nored


pdfTeX warning: /usr/bin/pdflatex (file /usr/share/texlive/texmf-var/fonts/map/
pdftex/updmap/pdftex.map): fontmap entry for `tib' already exists, duplicates i
gnored


pdfTeX warning: /usr/bin/pdflatex (file /usr/share/texlive/texmf-var/fonts/map/
pdftex/updmap/pdftex.map): fontmap entry for `tibi' already exists, duplicates 
ignored


pdfTeX warning: /usr/bin/pdflatex (file /usr/share/texlive/texmf-var/fonts/map/
pdftex/updmap/pdftex.map): invalid entry for `tibo': SlantFont/ExtendFont can b
e used only with embedded Type1 fonts


pdfTeX warning: /usr/bin/pdflatex (file /usr/share/texlive/texmf-var/fonts/map/
pdftex/updmap/pdftex.map): fontmap entry for `tii' already exists, duplicates i
gnored


pdfTeX warning: /usr/bin/pdflatex (file /usr/share/texlive/texmf-var/fonts/map/
pdftex/updmap/pdftex.map): invalid entry for `tio': SlantFont/ExtendFont can be
 used only with embedded Type1 fonts


pdfTeX warning: /usr/bin/pdflatex (file /usr/share/texlive/texmf-var/fonts/map/
pdftex/updmap/pdftex.map): fontmap entry for `tir' already exists, duplicates i
gnored


pdfTeX warning: /usr/bin/pdflatex (file /usr/share/texlive/texmf-var/fonts/map/
pdftex/updmap/pdftex.map): fontmap entry for `tmbi108r' already exists, duplica
tes ignored


pdfTeX warning: /usr/bin/pdflatex (file /usr/share/texlive/texmf-var/fonts/map/
pdftex/updmap/pdftex.map): invalid entry for `tmbo108r': SlantFont/ExtendFont c
an be used only with embedded Type1 fonts


pdfTeX warning: /usr/bin/pdflatex (file /usr/share/texlive/texmf-var/fonts/map/
pdftex/updmap/pdftex.map): invalid entry for `tmbu108r': SlantFont/ExtendFont c
an be used only with embedded Type1 fonts


pdfTeX warning: /usr/bin/pdflatex (file /usr/share/texlive/texmf-var/fonts/map/
pdftex/updmap/pdftex.map): fontmap entry for `tmrb108r' already exists, duplica
tes ignored


pdfTeX warning: /usr/bin/pdflatex (file /usr/share/texlive/texmf-var/fonts/map/
pdftex/updmap/pdftex.map): fontmap entry for `tmri108r' already exists, duplica
tes ignored


pdfTeX warning: /usr/bin/pdflatex (file /usr/share/texlive/texmf-var/fonts/map/
pdftex/updmap/pdftex.map): fontmap entry for `tmrm108r' already exists, duplica
tes ignored


pdfTeX warning: /usr/bin/pdflatex (file /usr/share/texlive/texmf-var/fonts/map/
pdftex/updmap/pdftex.map): invalid entry for `tmro108r': SlantFont/ExtendFont c
an be used only with embedded Type1 fonts


pdfTeX warning: /usr/bin/pdflatex (file /usr/share/texlive/texmf-var/fonts/map/
pdftex/updmap/pdftex.map): invalid entry for `tmui108r': SlantFont/ExtendFont c
an be used only with embedded Type1 fonts


pdfTeX warning: /usr/bin/pdflatex (file /usr/share/texlive/texmf-var/fonts/map/
pdftex/updmap/pdftex.map): fontmap entry for `zd' already exists, duplicates ig
nored


pdfTeX warning: /usr/bin/pdflatex (file /usr/share/texlive/texmf-var/fonts/map/
pdftex/updmap/pdftex.map): ambiguous entry for `UniClass[letter]': font file pr
esent but not included, will be treated as font file not present


pdfTeX warning: /usr/bin/pdflatex (file /usr/share/texlive/texmf-var/fonts/map/
pdftex/updmap/pdftex.map): fontmap entry for `pzcmi8g' already exists, duplicat
es ignored


pdfTeX warning: /usr/bin/pdflatex (file /usr/share/texlive/texmf-var/fonts/map/
pdftex/updmap/pdftex.map): fontmap entry for `pzcmi8y' already exists, duplicat
es ignored
}] [2]
<swing-crop.pdf, id=18, 229.85875pt x 155.58125pt>
File: swing-crop.pdf Graphic file (type pdf)
<use swing-crop.pdf>
Package pdftex.def Info: swing-crop.pdf  used on input line 147.
(pdftex.def)             Requested size: 281.85587pt x 190.78691pt.
 [3 <./swing-crop.pdf>] [4] (./recitation-potential-energy-solutions.aux) ) 
Here is how much of TeX's memory you used:
 2899 strings out of 478862
 39604 string characters out of 5858945
 352138 words of memory out of 6000000
 20529 multiletter control sequences out of 15000+600000
 408734 words of font info for 45 fonts, out of 8000000 for 9000
 1137 hyphenation exceptions out of 8191
 55i,5n,62p,529b,204s stack positions out of 5000i,500n,10000p,200000b,80000s
</us
r/share/texlive/texmf-dist/fonts/type1/public/amsfonts/cm/cmcsc10.pfb></usr/sha
re/texlive/texmf-dist/fonts/type1/public/amsfonts/cm/cmex10.pfb></usr/share/tex
live/texmf-dist/fonts/type1/public/amsfonts/cm/cmmi12.pfb></usr/share/texlive/t
exmf-dist/fonts/type1/public/amsfonts/cm/cmmi8.pfb></usr/share/texlive/texmf-di
st/fonts/type1/public/amsfonts/cm/cmr12.pfb></usr/share/texlive/texmf-dist/font
s/type1/public/amsfonts/cm/cmr8.pfb></usr/share/texlive/texmf-dist/fonts/type1/
public/amsfonts/cm/cmsy10.pfb></usr/share/texlive/texmf-dist/fonts/type1/public
/amsfonts/cm/cmti10.pfb></usr/share/texlive/texmf-dist/fonts/type1/public/amsfo
nts/cm/cmti12.pfb>
Output written on recitation-potential-energy-solutions.pdf (4 pages, 125604 by
tes).
PDF statistics:
 57 PDF objects out of 1000 (max. 8388607)
 39 compressed objects within 1 object stream
 0 named destinations out of 1000 (max. 500000)
 6 words of extra memory for PDF output out of 10000 (max. 10000000)

