This is pdfTeX, Version 3.141592653-2.6-1.40.22 (TeX Live 2021) (preloaded format=pdflatex 2022.1.23)  23 MAR 2022 21:45
entering extended mode
 restricted \write18 enabled.
 %&-line parsing enabled.
**hw8-2021.tex
(./hw8-2021.tex
LaTeX2e <2020-10-01> patch level 4
L3 programming layer <2021-05-07>
(/usr/share/texlive/texmf-dist/tex/latex/base/article.cls
Document Class: article 2020/04/10 v1.4m Standard LaTeX document class
(/usr/share/texlive/texmf-dist/tex/latex/base/size12.clo
File: size12.clo 2020/04/10 v1.4m Standard LaTeX file (size option)
)
\c@part=\count179
\c@section=\count180
\c@subsection=\count181
\c@subsubsection=\count182
\c@paragraph=\count183
\c@subparagraph=\count184
\c@figure=\count185
\c@table=\count186
\abovecaptionskip=\skip47
\belowcaptionskip=\skip48
\bibindent=\dimen138
)
(/usr/share/texlive/texmf-dist/tex/latex/preprint/fullpage.sty
Package: fullpage 1999/02/23 1.1 (PWD)
\FP@margin=\skip49
)
(/usr/share/texlive/texmf-dist/tex/latex/graphics/graphicx.sty
Package: graphicx 2020/09/09 v1.2b Enhanced LaTeX Graphics (DPC,SPQR)

(/usr/share/texlive/texmf-dist/tex/latex/graphics/keyval.sty
Package: keyval 2014/10/28 v1.15 key=value parser (DPC)
\KV@toks@=\toks15
)
(/usr/share/texlive/texmf-dist/tex/latex/graphics/graphics.sty
Package: graphics 2020/08/30 v1.4c Standard LaTeX Graphics (DPC,SPQR)

(/usr/share/texlive/texmf-dist/tex/latex/graphics/trig.sty
Package: trig 2016/01/03 v1.10 sin cos tan (DPC)
)
(/usr/share/texlive/texmf-dist/tex/latex/graphics-cfg/graphics.cfg
File: graphics.cfg 2016/06/04 v1.11 sample graphics configuration
)
Package graphics Info: Driver file: pdftex.def on input line 105.

(/usr/share/texlive/texmf-dist/tex/latex/graphics-def/pdftex.def
File: pdftex.def 2020/10/05 v1.2a Graphics/color driver for pdftex
))
\Gin@req@height=\dimen139
\Gin@req@width=\dimen140
)
(/usr/share/texlive/texmf-dist/tex/latex/amsmath/amsmath.sty
Package: amsmath 2020/09/23 v2.17i AMS math features
\@mathmargin=\skip50

For additional information on amsmath, use the `?' option.
(/usr/share/texlive/texmf-dist/tex/latex/amsmath/amstext.sty
Package: amstext 2000/06/29 v2.01 AMS text

(/usr/share/texlive/texmf-dist/tex/latex/amsmath/amsgen.sty
File: amsgen.sty 1999/11/30 v2.0 generic functions
\@emptytoks=\toks16
\ex@=\dimen141
))
(/usr/share/texlive/texmf-dist/tex/latex/amsmath/amsbsy.sty
Package: amsbsy 1999/11/29 v1.2d Bold Symbols
\pmbraise@=\dimen142
)
(/usr/share/texlive/texmf-dist/tex/latex/amsmath/amsopn.sty
Package: amsopn 2016/03/08 v2.02 operator names
)
\inf@bad=\count187
LaTeX Info: Redefining \frac on input line 234.
\uproot@=\count188
\leftroot@=\count189
LaTeX Info: Redefining \overline on input line 399.
\classnum@=\count190
\DOTSCASE@=\count191
LaTeX Info: Redefining \ldots on input line 496.
LaTeX Info: Redefining \dots on input line 499.
LaTeX Info: Redefining \cdots on input line 620.
\Mathstrutbox@=\box47
\strutbox@=\box48
\big@size=\dimen143
LaTeX Font Info:    Redeclaring font encoding OML on input line 743.
LaTeX Font Info:    Redeclaring font encoding OMS on input line 744.
\macc@depth=\count192
\c@MaxMatrixCols=\count193
\dotsspace@=\muskip16
\c@parentequation=\count194
\dspbrk@lvl=\count195
\tag@help=\toks17
\row@=\count196
\column@=\count197
\maxfields@=\count198
\andhelp@=\toks18
\eqnshift@=\dimen144
\alignsep@=\dimen145
\tagshift@=\dimen146
\tagwidth@=\dimen147
\totwidth@=\dimen148
\lineht@=\dimen149
\@envbody=\toks19
\multlinegap=\skip51
\multlinetaggap=\skip52
\mathdisplay@stack=\toks20
LaTeX Info: Redefining \[ on input line 2923.
LaTeX Info: Redefining \] on input line 2924.
)
(/usr/share/texlive/texmf-dist/tex/latex/l3backend/l3backend-pdftex.def
File: l3backend-pdftex.def 2021-05-07 L3 backend support: PDF output (pdfTeX)
\l__color_backend_stack_int=\count199
\l__pdf_internal_box=\box49
)
(./hw8-2021.aux)
\openout1 = `hw8-2021.aux'.

LaTeX Font Info:    Checking defaults for OML/cmm/m/it on input line 37.
LaTeX Font Info:    ... okay on input line 37.
LaTeX Font Info:    Checking defaults for OMS/cmsy/m/n on input line 37.
LaTeX Font Info:    ... okay on input line 37.
LaTeX Font Info:    Checking defaults for OT1/cmr/m/n on input line 37.
LaTeX Font Info:    ... okay on input line 37.
LaTeX Font Info:    Checking defaults for T1/cmr/m/n on input line 37.
LaTeX Font Info:    ... okay on input line 37.
LaTeX Font Info:    Checking defaults for TS1/cmr/m/n on input line 37.
LaTeX Font Info:    ... okay on input line 37.
LaTeX Font Info:    Checking defaults for OMX/cmex/m/n on input line 37.
LaTeX Font Info:    ... okay on input line 37.
LaTeX Font Info:    Checking defaults for U/cmr/m/n on input line 37.
LaTeX Font Info:    ... okay on input line 37.

(/usr/share/texlive/texmf-dist/tex/context/base/mkii/supp-pdf.mkii
[Loading MPS to PDF converter (version 2006.09.02).]
\scratchcounter=\count266
\scratchdimen=\dimen150
\scratchbox=\box50
\nofMPsegments=\count267
\nofMParguments=\count268
\everyMPshowfont=\toks21
\MPscratchCnt=\count269
\MPscratchDim=\dimen151
\MPnumerator=\count270
\makeMPintoPDFobject=\count271
\everyMPtoPDFconversion=\toks22
) (/usr/share/texlive/texmf-dist/tex/latex/epstopdf-pkg/epstopdf-base.sty
Package: epstopdf-base 2020-01-24 v2.11 Base part for package epstopdf

(/usr/share/texlive/texmf-dist/tex/generic/infwarerr/infwarerr.sty
Package: infwarerr 2019/12/03 v1.5 Providing info/warning/error messages (HO)
)
(/usr/share/texlive/texmf-dist/tex/latex/grfext/grfext.sty
Package: grfext 2019/12/03 v1.3 Manage graphics extensions (HO)

(/usr/share/texlive/texmf-dist/tex/generic/kvdefinekeys/kvdefinekeys.sty
Package: kvdefinekeys 2019-12-19 v1.6 Define keys (HO)
))
(/usr/share/texlive/texmf-dist/tex/latex/kvoptions/kvoptions.sty
Package: kvoptions 2020-10-07 v3.14 Key value format for package options (HO)

(/usr/share/texlive/texmf-dist/tex/generic/ltxcmds/ltxcmds.sty
Package: ltxcmds 2020-05-10 v1.25 LaTeX kernel commands for general use (HO)
)
(/usr/share/texlive/texmf-dist/tex/generic/kvsetkeys/kvsetkeys.sty
Package: kvsetkeys 2019/12/15 v1.18 Key value parser (HO)
))
(/usr/share/texlive/texmf-dist/tex/generic/pdftexcmds/pdftexcmds.sty
Package: pdftexcmds 2020-06-27 v0.33 Utility functions of pdfTeX for LuaTeX (HO
)

(/usr/share/texlive/texmf-dist/tex/generic/iftex/iftex.sty
Package: iftex 2020/03/06 v1.0d TeX engine tests
)
Package pdftexcmds Info: \pdf@primitive is available.
Package pdftexcmds Info: \pdf@ifprimitive is available.
Package pdftexcmds Info: \pdfdraftmode found.
)
Package epstopdf-base Info: Redefining graphics rule for `.eps' on input line 4
85.
Package grfext Info: Graphics extension search list:
(grfext)             [.pdf,.png,.jpg,.mps,.jpeg,.jbig2,.jb2,.PDF,.PNG,.JPG,.JPE
G,.JBIG2,.JB2,.eps]
(grfext)             \AppendGraphicsExtensions on input line 504.

(/usr/share/texlive/texmf-dist/tex/latex/latexconfig/epstopdf-sys.cfg
File: epstopdf-sys.cfg 2010/07/13 v1.3 Configuration of (r)epstopdf for TeX Liv
e
))
<Portal_physics-2.png, id=1, 388.45125pt x 352.31625pt>
File: Portal_physics-2.png Graphic file (type png)
<use Portal_physics-2.png>
Package pdftex.def Info: Portal_physics-2.png  used on input line 68.
(pdftex.def)             Requested size: 126.83427pt x 115.03363pt.

Overfull \hbox (31.98576pt too wide) in paragraph at lines 55--81
[]$[]$ $[]$ 
 []

[1

{/usr/share/texlive/texmf-var/fonts/map/pdftex/updmap/pdftex.map

pdfTeX warning: /usr/bin/pdflatex (file /usr/share/texlive/texmf-var/fonts/map/
pdftex/updmap/pdftex.map): fontmap entry for `cob' already exists, duplicates i
gnored


pdfTeX warning: /usr/bin/pdflatex (file /usr/share/texlive/texmf-var/fonts/map/
pdftex/updmap/pdftex.map): fontmap entry for `cobo' already exists, duplicates 
ignored


pdfTeX warning: /usr/bin/pdflatex (file /usr/share/texlive/texmf-var/fonts/map/
pdftex/updmap/pdftex.map): fontmap entry for `com' already exists, duplicates i
gnored


pdfTeX warning: /usr/bin/pdflatex (file /usr/share/texlive/texmf-var/fonts/map/
pdftex/updmap/pdftex.map): fontmap entry for `coo' already exists, duplicates i
gnored


pdfTeX warning: /usr/bin/pdflatex (file /usr/share/texlive/texmf-var/fonts/map/
pdftex/updmap/pdftex.map): fontmap entry for `hv' already exists, duplicates ig
nored


pdfTeX warning: /usr/bin/pdflatex (file /usr/share/texlive/texmf-var/fonts/map/
pdftex/updmap/pdftex.map): fontmap entry for `hvb' already exists, duplicates i
gnored


pdfTeX warning: /usr/bin/pdflatex (file /usr/share/texlive/texmf-var/fonts/map/
pdftex/updmap/pdftex.map): fontmap entry for `hvbo' already exists, duplicates 
ignored


pdfTeX warning: /usr/bin/pdflatex (file /usr/share/texlive/texmf-var/fonts/map/
pdftex/updmap/pdftex.map): fontmap entry for `hvo' already exists, duplicates i
gnored


pdfTeX warning: /usr/bin/pdflatex (file /usr/share/texlive/texmf-var/fonts/map/
pdftex/updmap/pdftex.map): fontmap entry for `pagd8g' already exists, duplicate
s ignored


pdfTeX warning: /usr/bin/pdflatex (file /usr/share/texlive/texmf-var/fonts/map/
pdftex/updmap/pdftex.map): fontmap entry for `pagd8r' already exists, duplicate
s ignored


pdfTeX warning: /usr/bin/pdflatex (file /usr/share/texlive/texmf-var/fonts/map/
pdftex/updmap/pdftex.map): fontmap entry for `pagd8y' already exists, duplicate
s ignored


pdfTeX warning: /usr/bin/pdflatex (file /usr/share/texlive/texmf-var/fonts/map/
pdftex/updmap/pdftex.map): fontmap entry for `pagd8z' already exists, duplicate
s ignored


pdfTeX warning: /usr/bin/pdflatex (file /usr/share/texlive/texmf-var/fonts/map/
pdftex/updmap/pdftex.map): fontmap entry for `pagdo8g' already exists, duplicat
es ignored


pdfTeX warning: /usr/bin/pdflatex (file /usr/share/texlive/texmf-var/fonts/map/
pdftex/updmap/pdftex.map): fontmap entry for `pagdo8r' already exists, duplicat
es ignored


pdfTeX warning: /usr/bin/pdflatex (file /usr/share/texlive/texmf-var/fonts/map/
pdftex/updmap/pdftex.map): fontmap entry for `pagdo8y' already exists, duplicat
es ignored


pdfTeX warning: /usr/bin/pdflatex (file /usr/share/texlive/texmf-var/fonts/map/
pdftex/updmap/pdftex.map): fontmap entry for `pagdo8z' already exists, duplicat
es ignored


pdfTeX warning: /usr/bin/pdflatex (file /usr/share/texlive/texmf-var/fonts/map/
pdftex/updmap/pdftex.map): fontmap entry for `pagk8g' already exists, duplicate
s ignored


pdfTeX warning: /usr/bin/pdflatex (file /usr/share/texlive/texmf-var/fonts/map/
pdftex/updmap/pdftex.map): fontmap entry for `pagk8r' already exists, duplicate
s ignored


pdfTeX warning: /usr/bin/pdflatex (file /usr/share/texlive/texmf-var/fonts/map/
pdftex/updmap/pdftex.map): fontmap entry for `pagk8y' already exists, duplicate
s ignored


pdfTeX warning: /usr/bin/pdflatex (file /usr/share/texlive/texmf-var/fonts/map/
pdftex/updmap/pdftex.map): fontmap entry for `pagk8z' already exists, duplicate
s ignored


pdfTeX warning: /usr/bin/pdflatex (file /usr/share/texlive/texmf-var/fonts/map/
pdftex/updmap/pdftex.map): fontmap entry for `pagko8g' already exists, duplicat
es ignored


pdfTeX warning: /usr/bin/pdflatex (file /usr/share/texlive/texmf-var/fonts/map/
pdftex/updmap/pdftex.map): fontmap entry for `pagko8r' already exists, duplicat
es ignored


pdfTeX warning: /usr/bin/pdflatex (file /usr/share/texlive/texmf-var/fonts/map/
pdftex/updmap/pdftex.map): fontmap entry for `pagko8y' already exists, duplicat
es ignored


pdfTeX warning: /usr/bin/pdflatex (file /usr/share/texlive/texmf-var/fonts/map/
pdftex/updmap/pdftex.map): fontmap entry for `pagko8z' already exists, duplicat
es ignored


pdfTeX warning: /usr/bin/pdflatex (file /usr/share/texlive/texmf-var/fonts/map/
pdftex/updmap/pdftex.map): fontmap entry for `pbkd8g' already exists, duplicate
s ignored


pdfTeX warning: /usr/bin/pdflatex (file /usr/share/texlive/texmf-var/fonts/map/
pdftex/updmap/pdftex.map): fontmap entry for `pbkd8r' already exists, duplicate
s ignored


pdfTeX warning: /usr/bin/pdflatex (file /usr/share/texlive/texmf-var/fonts/map/
pdftex/updmap/pdftex.map): fontmap entry for `pbkd8y' already exists, duplicate
s ignored


pdfTeX warning: /usr/bin/pdflatex (file /usr/share/texlive/texmf-var/fonts/map/
pdftex/updmap/pdftex.map): fontmap entry for `pbkd8z' already exists, duplicate
s ignored


pdfTeX warning: /usr/bin/pdflatex (file /usr/share/texlive/texmf-var/fonts/map/
pdftex/updmap/pdftex.map): fontmap entry for `pbkdi8g' already exists, duplicat
es ignored


pdfTeX warning: /usr/bin/pdflatex (file /usr/share/texlive/texmf-var/fonts/map/
pdftex/updmap/pdftex.map): fontmap entry for `pbkdi8r' already exists, duplicat
es ignored


pdfTeX warning: /usr/bin/pdflatex (file /usr/share/texlive/texmf-var/fonts/map/
pdftex/updmap/pdftex.map): fontmap entry for `pbkdi8y' already exists, duplicat
es ignored


pdfTeX warning: /usr/bin/pdflatex (file /usr/share/texlive/texmf-var/fonts/map/
pdftex/updmap/pdftex.map): fontmap entry for `pbkdi8z' already exists, duplicat
es ignored


pdfTeX warning: /usr/bin/pdflatex (file /usr/share/texlive/texmf-var/fonts/map/
pdftex/updmap/pdftex.map): invalid entry for `pbkdo8r': SlantFont/ExtendFont ca
n be used only with embedded Type1 fonts


pdfTeX warning: /usr/bin/pdflatex (file /usr/share/texlive/texmf-var/fonts/map/
pdftex/updmap/pdftex.map): invalid entry for `pbkdo8y': SlantFont/ExtendFont ca
n be used only with embedded Type1 fonts


pdfTeX warning: /usr/bin/pdflatex (file /usr/share/texlive/texmf-var/fonts/map/
pdftex/updmap/pdftex.map): fontmap entry for `pbkl8g' already exists, duplicate
s ignored


pdfTeX warning: /usr/bin/pdflatex (file /usr/share/texlive/texmf-var/fonts/map/
pdftex/updmap/pdftex.map): fontmap entry for `pbkl8r' already exists, duplicate
s ignored


pdfTeX warning: /usr/bin/pdflatex (file /usr/share/texlive/texmf-var/fonts/map/
pdftex/updmap/pdftex.map): fontmap entry for `pbkl8y' already exists, duplicate
s ignored


pdfTeX warning: /usr/bin/pdflatex (file /usr/share/texlive/texmf-var/fonts/map/
pdftex/updmap/pdftex.map): fontmap entry for `pbkl8z' already exists, duplicate
s ignored


pdfTeX warning: /usr/bin/pdflatex (file /usr/share/texlive/texmf-var/fonts/map/
pdftex/updmap/pdftex.map): fontmap entry for `pbkli8g' already exists, duplicat
es ignored


pdfTeX warning: /usr/bin/pdflatex (file /usr/share/texlive/texmf-var/fonts/map/
pdftex/updmap/pdftex.map): fontmap entry for `pbkli8r' already exists, duplicat
es ignored


pdfTeX warning: /usr/bin/pdflatex (file /usr/share/texlive/texmf-var/fonts/map/
pdftex/updmap/pdftex.map): fontmap entry for `pbkli8y' already exists, duplicat
es ignored


pdfTeX warning: /usr/bin/pdflatex (file /usr/share/texlive/texmf-var/fonts/map/
pdftex/updmap/pdftex.map): fontmap entry for `pbkli8z' already exists, duplicat
es ignored


pdfTeX warning: /usr/bin/pdflatex (file /usr/share/texlive/texmf-var/fonts/map/
pdftex/updmap/pdftex.map): invalid entry for `pbklo8r': SlantFont/ExtendFont ca
n be used only with embedded Type1 fonts


pdfTeX warning: /usr/bin/pdflatex (file /usr/share/texlive/texmf-var/fonts/map/
pdftex/updmap/pdftex.map): invalid entry for `pbklo8y': SlantFont/ExtendFont ca
n be used only with embedded Type1 fonts


pdfTeX warning: /usr/bin/pdflatex (file /usr/share/texlive/texmf-var/fonts/map/
pdftex/updmap/pdftex.map): fontmap entry for `pcrb8g' already exists, duplicate
s ignored


pdfTeX warning: /usr/bin/pdflatex (file /usr/share/texlive/texmf-var/fonts/map/
pdftex/updmap/pdftex.map): fontmap entry for `pcrb8r' already exists, duplicate
s ignored


pdfTeX warning: /usr/bin/pdflatex (file /usr/share/texlive/texmf-var/fonts/map/
pdftex/updmap/pdftex.map): fontmap entry for `pcrb8u' already exists, duplicate
s ignored


pdfTeX warning: /usr/bin/pdflatex (file /usr/share/texlive/texmf-var/fonts/map/
pdftex/updmap/pdftex.map): fontmap entry for `pcrb8y' already exists, duplicate
s ignored


pdfTeX warning: /usr/bin/pdflatex (file /usr/share/texlive/texmf-var/fonts/map/
pdftex/updmap/pdftex.map): fontmap entry for `pcrbo8g' already exists, duplicat
es ignored


pdfTeX warning: /usr/bin/pdflatex (file /usr/share/texlive/texmf-var/fonts/map/
pdftex/updmap/pdftex.map): fontmap entry for `pcrbo8r' already exists, duplicat
es ignored


pdfTeX warning: /usr/bin/pdflatex (file /usr/share/texlive/texmf-var/fonts/map/
pdftex/updmap/pdftex.map): fontmap entry for `pcrbo8u' already exists, duplicat
es ignored


pdfTeX warning: /usr/bin/pdflatex (file /usr/share/texlive/texmf-var/fonts/map/
pdftex/updmap/pdftex.map): fontmap entry for `pcrbo8y' already exists, duplicat
es ignored


pdfTeX warning: /usr/bin/pdflatex (file /usr/share/texlive/texmf-var/fonts/map/
pdftex/updmap/pdftex.map): fontmap entry for `pcrr8g' already exists, duplicate
s ignored


pdfTeX warning: /usr/bin/pdflatex (file /usr/share/texlive/texmf-var/fonts/map/
pdftex/updmap/pdftex.map): fontmap entry for `pcrr8r' already exists, duplicate
s ignored


pdfTeX warning: /usr/bin/pdflatex (file /usr/share/texlive/texmf-var/fonts/map/
pdftex/updmap/pdftex.map): invalid entry for `pcrr8rn': SlantFont/ExtendFont ca
n be used only with embedded Type1 fonts


pdfTeX warning: /usr/bin/pdflatex (file /usr/share/texlive/texmf-var/fonts/map/
pdftex/updmap/pdftex.map): fontmap entry for `pcrr8u' already exists, duplicate
s ignored


pdfTeX warning: /usr/bin/pdflatex (file /usr/share/texlive/texmf-var/fonts/map/
pdftex/updmap/pdftex.map): fontmap entry for `pcrr8y' already exists, duplicate
s ignored


pdfTeX warning: /usr/bin/pdflatex (file /usr/share/texlive/texmf-var/fonts/map/
pdftex/updmap/pdftex.map): fontmap entry for `pcrro8g' already exists, duplicat
es ignored


pdfTeX warning: /usr/bin/pdflatex (file /usr/share/texlive/texmf-var/fonts/map/
pdftex/updmap/pdftex.map): fontmap entry for `pcrro8r' already exists, duplicat
es ignored


pdfTeX warning: /usr/bin/pdflatex (file /usr/share/texlive/texmf-var/fonts/map/
pdftex/updmap/pdftex.map): fontmap entry for `pcrro8u' already exists, duplicat
es ignored


pdfTeX warning: /usr/bin/pdflatex (file /usr/share/texlive/texmf-var/fonts/map/
pdftex/updmap/pdftex.map): fontmap entry for `pcrro8y' already exists, duplicat
es ignored


pdfTeX warning: /usr/bin/pdflatex (file /usr/share/texlive/texmf-var/fonts/map/
pdftex/updmap/pdftex.map): fontmap entry for `phvb8g' already exists, duplicate
s ignored


pdfTeX warning: /usr/bin/pdflatex (file /usr/share/texlive/texmf-var/fonts/map/
pdftex/updmap/pdftex.map): fontmap entry for `phvb8r' already exists, duplicate
s ignored


pdfTeX warning: /usr/bin/pdflatex (file /usr/share/texlive/texmf-var/fonts/map/
pdftex/updmap/pdftex.map): fontmap entry for `phvb8rn' already exists, duplicat
es ignored


pdfTeX warning: /usr/bin/pdflatex (file /usr/share/texlive/texmf-var/fonts/map/
pdftex/updmap/pdftex.map): fontmap entry for `phvb8y' already exists, duplicate
s ignored


pdfTeX warning: /usr/bin/pdflatex (file /usr/share/texlive/texmf-var/fonts/map/
pdftex/updmap/pdftex.map): fontmap entry for `phvb8yn' already exists, duplicat
es ignored


pdfTeX warning: /usr/bin/pdflatex (file /usr/share/texlive/texmf-var/fonts/map/
pdftex/updmap/pdftex.map): fontmap entry for `phvb8z' already exists, duplicate
s ignored


pdfTeX warning: /usr/bin/pdflatex (file /usr/share/texlive/texmf-var/fonts/map/
pdftex/updmap/pdftex.map): fontmap entry for `phvbn8g' already exists, duplicat
es ignored


pdfTeX warning: /usr/bin/pdflatex (file /usr/share/texlive/texmf-var/fonts/map/
pdftex/updmap/pdftex.map): fontmap entry for `phvbn8z' already exists, duplicat
es ignored


pdfTeX warning: /usr/bin/pdflatex (file /usr/share/texlive/texmf-var/fonts/map/
pdftex/updmap/pdftex.map): fontmap entry for `phvbo8g' already exists, duplicat
es ignored


pdfTeX warning: /usr/bin/pdflatex (file /usr/share/texlive/texmf-var/fonts/map/
pdftex/updmap/pdftex.map): fontmap entry for `phvbo8r' already exists, duplicat
es ignored


pdfTeX warning: /usr/bin/pdflatex (file /usr/share/texlive/texmf-var/fonts/map/
pdftex/updmap/pdftex.map): fontmap entry for `phvbo8rn' already exists, duplica
tes ignored


pdfTeX warning: /usr/bin/pdflatex (file /usr/share/texlive/texmf-var/fonts/map/
pdftex/updmap/pdftex.map): fontmap entry for `phvbo8y' already exists, duplicat
es ignored


pdfTeX warning: /usr/bin/pdflatex (file /usr/share/texlive/texmf-var/fonts/map/
pdftex/updmap/pdftex.map): fontmap entry for `phvbo8yn' already exists, duplica
tes ignored


pdfTeX warning: /usr/bin/pdflatex (file /usr/share/texlive/texmf-var/fonts/map/
pdftex/updmap/pdftex.map): fontmap entry for `phvbo8z' already exists, duplicat
es ignored


pdfTeX warning: /usr/bin/pdflatex (file /usr/share/texlive/texmf-var/fonts/map/
pdftex/updmap/pdftex.map): fontmap entry for `phvbon8g' already exists, duplica
tes ignored


pdfTeX warning: /usr/bin/pdflatex (file /usr/share/texlive/texmf-var/fonts/map/
pdftex/updmap/pdftex.map): fontmap entry for `phvbon8z' already exists, duplica
tes ignored


pdfTeX warning: /usr/bin/pdflatex (file /usr/share/texlive/texmf-var/fonts/map/
pdftex/updmap/pdftex.map): fontmap entry for `phvr8g' already exists, duplicate
s ignored


pdfTeX warning: /usr/bin/pdflatex (file /usr/share/texlive/texmf-var/fonts/map/
pdftex/updmap/pdftex.map): fontmap entry for `phvr8r' already exists, duplicate
s ignored


pdfTeX warning: /usr/bin/pdflatex (file /usr/share/texlive/texmf-var/fonts/map/
pdftex/updmap/pdftex.map): fontmap entry for `phvr8rn' already exists, duplicat
es ignored


pdfTeX warning: /usr/bin/pdflatex (file /usr/share/texlive/texmf-var/fonts/map/
pdftex/updmap/pdftex.map): fontmap entry for `phvr8y' already exists, duplicate
s ignored


pdfTeX warning: /usr/bin/pdflatex (file /usr/share/texlive/texmf-var/fonts/map/
pdftex/updmap/pdftex.map): fontmap entry for `phvr8yn' already exists, duplicat
es ignored


pdfTeX warning: /usr/bin/pdflatex (file /usr/share/texlive/texmf-var/fonts/map/
pdftex/updmap/pdftex.map): fontmap entry for `phvr8z' already exists, duplicate
s ignored


pdfTeX warning: /usr/bin/pdflatex (file /usr/share/texlive/texmf-var/fonts/map/
pdftex/updmap/pdftex.map): fontmap entry for `phvrn8g' already exists, duplicat
es ignored


pdfTeX warning: /usr/bin/pdflatex (file /usr/share/texlive/texmf-var/fonts/map/
pdftex/updmap/pdftex.map): fontmap entry for `phvrn8z' already exists, duplicat
es ignored


pdfTeX warning: /usr/bin/pdflatex (file /usr/share/texlive/texmf-var/fonts/map/
pdftex/updmap/pdftex.map): fontmap entry for `phvro8g' already exists, duplicat
es ignored


pdfTeX warning: /usr/bin/pdflatex (file /usr/share/texlive/texmf-var/fonts/map/
pdftex/updmap/pdftex.map): fontmap entry for `phvro8r' already exists, duplicat
es ignored


pdfTeX warning: /usr/bin/pdflatex (file /usr/share/texlive/texmf-var/fonts/map/
pdftex/updmap/pdftex.map): fontmap entry for `phvro8rn' already exists, duplica
tes ignored


pdfTeX warning: /usr/bin/pdflatex (file /usr/share/texlive/texmf-var/fonts/map/
pdftex/updmap/pdftex.map): fontmap entry for `phvro8y' already exists, duplicat
es ignored


pdfTeX warning: /usr/bin/pdflatex (file /usr/share/texlive/texmf-var/fonts/map/
pdftex/updmap/pdftex.map): fontmap entry for `phvro8yn' already exists, duplica
tes ignored


pdfTeX warning: /usr/bin/pdflatex (file /usr/share/texlive/texmf-var/fonts/map/
pdftex/updmap/pdftex.map): fontmap entry for `phvro8z' already exists, duplicat
es ignored


pdfTeX warning: /usr/bin/pdflatex (file /usr/share/texlive/texmf-var/fonts/map/
pdftex/updmap/pdftex.map): fontmap entry for `phvron8g' already exists, duplica
tes ignored


pdfTeX warning: /usr/bin/pdflatex (file /usr/share/texlive/texmf-var/fonts/map/
pdftex/updmap/pdftex.map): fontmap entry for `phvron8z' already exists, duplica
tes ignored


pdfTeX warning: /usr/bin/pdflatex (file /usr/share/texlive/texmf-var/fonts/map/
pdftex/updmap/pdftex.map): fontmap entry for `pncb8g' already exists, duplicate
s ignored


pdfTeX warning: /usr/bin/pdflatex (file /usr/share/texlive/texmf-var/fonts/map/
pdftex/updmap/pdftex.map): fontmap entry for `pncb8r' already exists, duplicate
s ignored


pdfTeX warning: /usr/bin/pdflatex (file /usr/share/texlive/texmf-var/fonts/map/
pdftex/updmap/pdftex.map): fontmap entry for `pncb8y' already exists, duplicate
s ignored


pdfTeX warning: /usr/bin/pdflatex (file /usr/share/texlive/texmf-var/fonts/map/
pdftex/updmap/pdftex.map): fontmap entry for `pncb8z' already exists, duplicate
s ignored


pdfTeX warning: /usr/bin/pdflatex (file /usr/share/texlive/texmf-var/fonts/map/
pdftex/updmap/pdftex.map): fontmap entry for `pncbi8g' already exists, duplicat
es ignored


pdfTeX warning: /usr/bin/pdflatex (file /usr/share/texlive/texmf-var/fonts/map/
pdftex/updmap/pdftex.map): fontmap entry for `pncbi8r' already exists, duplicat
es ignored


pdfTeX warning: /usr/bin/pdflatex (file /usr/share/texlive/texmf-var/fonts/map/
pdftex/updmap/pdftex.map): fontmap entry for `pncbi8y' already exists, duplicat
es ignored


pdfTeX warning: /usr/bin/pdflatex (file /usr/share/texlive/texmf-var/fonts/map/
pdftex/updmap/pdftex.map): fontmap entry for `pncbi8z' already exists, duplicat
es ignored


pdfTeX warning: /usr/bin/pdflatex (file /usr/share/texlive/texmf-var/fonts/map/
pdftex/updmap/pdftex.map): invalid entry for `pncbo8r': SlantFont/ExtendFont ca
n be used only with embedded Type1 fonts


pdfTeX warning: /usr/bin/pdflatex (file /usr/share/texlive/texmf-var/fonts/map/
pdftex/updmap/pdftex.map): invalid entry for `pncbo8y': SlantFont/ExtendFont ca
n be used only with embedded Type1 fonts


pdfTeX warning: /usr/bin/pdflatex (file /usr/share/texlive/texmf-var/fonts/map/
pdftex/updmap/pdftex.map): fontmap entry for `pncr8g' already exists, duplicate
s ignored


pdfTeX warning: /usr/bin/pdflatex (file /usr/share/texlive/texmf-var/fonts/map/
pdftex/updmap/pdftex.map): fontmap entry for `pncr8r' already exists, duplicate
s ignored


pdfTeX warning: /usr/bin/pdflatex (file /usr/share/texlive/texmf-var/fonts/map/
pdftex/updmap/pdftex.map): fontmap entry for `pncr8y' already exists, duplicate
s ignored


pdfTeX warning: /usr/bin/pdflatex (file /usr/share/texlive/texmf-var/fonts/map/
pdftex/updmap/pdftex.map): fontmap entry for `pncr8z' already exists, duplicate
s ignored


pdfTeX warning: /usr/bin/pdflatex (file /usr/share/texlive/texmf-var/fonts/map/
pdftex/updmap/pdftex.map): fontmap entry for `pncri8g' already exists, duplicat
es ignored


pdfTeX warning: /usr/bin/pdflatex (file /usr/share/texlive/texmf-var/fonts/map/
pdftex/updmap/pdftex.map): fontmap entry for `pncri8r' already exists, duplicat
es ignored


pdfTeX warning: /usr/bin/pdflatex (file /usr/share/texlive/texmf-var/fonts/map/
pdftex/updmap/pdftex.map): fontmap entry for `pncri8y' already exists, duplicat
es ignored


pdfTeX warning: /usr/bin/pdflatex (file /usr/share/texlive/texmf-var/fonts/map/
pdftex/updmap/pdftex.map): fontmap entry for `pncri8z' already exists, duplicat
es ignored


pdfTeX warning: /usr/bin/pdflatex (file /usr/share/texlive/texmf-var/fonts/map/
pdftex/updmap/pdftex.map): invalid entry for `pncro8r': SlantFont/ExtendFont ca
n be used only with embedded Type1 fonts


pdfTeX warning: /usr/bin/pdflatex (file /usr/share/texlive/texmf-var/fonts/map/
pdftex/updmap/pdftex.map): invalid entry for `pncro8y': SlantFont/ExtendFont ca
n be used only with embedded Type1 fonts


pdfTeX warning: /usr/bin/pdflatex (file /usr/share/texlive/texmf-var/fonts/map/
pdftex/updmap/pdftex.map): fontmap entry for `pplb8g' already exists, duplicate
s ignored


pdfTeX warning: /usr/bin/pdflatex (file /usr/share/texlive/texmf-var/fonts/map/
pdftex/updmap/pdftex.map): fontmap entry for `pplb8r' already exists, duplicate
s ignored


pdfTeX warning: /usr/bin/pdflatex (file /usr/share/texlive/texmf-var/fonts/map/
pdftex/updmap/pdftex.map): fontmap entry for `pplb8y' already exists, duplicate
s ignored


pdfTeX warning: /usr/bin/pdflatex (file /usr/share/texlive/texmf-var/fonts/map/
pdftex/updmap/pdftex.map): fontmap entry for `pplb8z' already exists, duplicate
s ignored


pdfTeX warning: /usr/bin/pdflatex (file /usr/share/texlive/texmf-var/fonts/map/
pdftex/updmap/pdftex.map): fontmap entry for `pplbi8g' already exists, duplicat
es ignored


pdfTeX warning: /usr/bin/pdflatex (file /usr/share/texlive/texmf-var/fonts/map/
pdftex/updmap/pdftex.map): fontmap entry for `pplbi8r' already exists, duplicat
es ignored


pdfTeX warning: /usr/bin/pdflatex (file /usr/share/texlive/texmf-var/fonts/map/
pdftex/updmap/pdftex.map): fontmap entry for `pplbi8y' already exists, duplicat
es ignored


pdfTeX warning: /usr/bin/pdflatex (file /usr/share/texlive/texmf-var/fonts/map/
pdftex/updmap/pdftex.map): fontmap entry for `pplbi8z' already exists, duplicat
es ignored


pdfTeX warning: /usr/bin/pdflatex (file /usr/share/texlive/texmf-var/fonts/map/
pdftex/updmap/pdftex.map): invalid entry for `pplbo8r': SlantFont/ExtendFont ca
n be used only with embedded Type1 fonts


pdfTeX warning: /usr/bin/pdflatex (file /usr/share/texlive/texmf-var/fonts/map/
pdftex/updmap/pdftex.map): invalid entry for `pplbo8y': SlantFont/ExtendFont ca
n be used only with embedded Type1 fonts


pdfTeX warning: /usr/bin/pdflatex (file /usr/share/texlive/texmf-var/fonts/map/
pdftex/updmap/pdftex.map): invalid entry for `pplbu8r': SlantFont/ExtendFont ca
n be used only with embedded Type1 fonts


pdfTeX warning: /usr/bin/pdflatex (file /usr/share/texlive/texmf-var/fonts/map/
pdftex/updmap/pdftex.map): invalid entry for `pplbu8y': SlantFont/ExtendFont ca
n be used only with embedded Type1 fonts


pdfTeX warning: /usr/bin/pdflatex (file /usr/share/texlive/texmf-var/fonts/map/
pdftex/updmap/pdftex.map): fontmap entry for `pplr8g' already exists, duplicate
s ignored


pdfTeX warning: /usr/bin/pdflatex (file /usr/share/texlive/texmf-var/fonts/map/
pdftex/updmap/pdftex.map): fontmap entry for `pplr8r' already exists, duplicate
s ignored


pdfTeX warning: /usr/bin/pdflatex (file /usr/share/texlive/texmf-var/fonts/map/
pdftex/updmap/pdftex.map): invalid entry for `pplr8rn': SlantFont/ExtendFont ca
n be used only with embedded Type1 fonts


pdfTeX warning: /usr/bin/pdflatex (file /usr/share/texlive/texmf-var/fonts/map/
pdftex/updmap/pdftex.map): fontmap entry for `pplr8y' already exists, duplicate
s ignored


pdfTeX warning: /usr/bin/pdflatex (file /usr/share/texlive/texmf-var/fonts/map/
pdftex/updmap/pdftex.map): invalid entry for `pplr8yn': SlantFont/ExtendFont ca
n be used only with embedded Type1 fonts


pdfTeX warning: /usr/bin/pdflatex (file /usr/share/texlive/texmf-var/fonts/map/
pdftex/updmap/pdftex.map): fontmap entry for `pplr8z' already exists, duplicate
s ignored


pdfTeX warning: /usr/bin/pdflatex (file /usr/share/texlive/texmf-var/fonts/map/
pdftex/updmap/pdftex.map): fontmap entry for `pplri8g' already exists, duplicat
es ignored


pdfTeX warning: /usr/bin/pdflatex (file /usr/share/texlive/texmf-var/fonts/map/
pdftex/updmap/pdftex.map): fontmap entry for `pplri8r' already exists, duplicat
es ignored


pdfTeX warning: /usr/bin/pdflatex (file /usr/share/texlive/texmf-var/fonts/map/
pdftex/updmap/pdftex.map): fontmap entry for `pplri8y' already exists, duplicat
es ignored


pdfTeX warning: /usr/bin/pdflatex (file /usr/share/texlive/texmf-var/fonts/map/
pdftex/updmap/pdftex.map): fontmap entry for `pplri8z' already exists, duplicat
es ignored


pdfTeX warning: /usr/bin/pdflatex (file /usr/share/texlive/texmf-var/fonts/map/
pdftex/updmap/pdftex.map): invalid entry for `pplro8r': SlantFont/ExtendFont ca
n be used only with embedded Type1 fonts


pdfTeX warning: /usr/bin/pdflatex (file /usr/share/texlive/texmf-var/fonts/map/
pdftex/updmap/pdftex.map): invalid entry for `pplro8y': SlantFont/ExtendFont ca
n be used only with embedded Type1 fonts


pdfTeX warning: /usr/bin/pdflatex (file /usr/share/texlive/texmf-var/fonts/map/
pdftex/updmap/pdftex.map): invalid entry for `pplrr8re': SlantFont/ExtendFont c
an be used only with embedded Type1 fonts


pdfTeX warning: /usr/bin/pdflatex (file /usr/share/texlive/texmf-var/fonts/map/
pdftex/updmap/pdftex.map): invalid entry for `pplrr8ye': SlantFont/ExtendFont c
an be used only with embedded Type1 fonts


pdfTeX warning: /usr/bin/pdflatex (file /usr/share/texlive/texmf-var/fonts/map/
pdftex/updmap/pdftex.map): invalid entry for `pplru8r': SlantFont/ExtendFont ca
n be used only with embedded Type1 fonts


pdfTeX warning: /usr/bin/pdflatex (file /usr/share/texlive/texmf-var/fonts/map/
pdftex/updmap/pdftex.map): invalid entry for `pplru8y': SlantFont/ExtendFont ca
n be used only with embedded Type1 fonts


pdfTeX warning: /usr/bin/pdflatex (file /usr/share/texlive/texmf-var/fonts/map/
pdftex/updmap/pdftex.map): fontmap entry for `psyr' already exists, duplicates 
ignored


pdfTeX warning: /usr/bin/pdflatex (file /usr/share/texlive/texmf-var/fonts/map/
pdftex/updmap/pdftex.map): fontmap entry for `psyrgo' already exists, duplicate
s ignored


pdfTeX warning: /usr/bin/pdflatex (file /usr/share/texlive/texmf-var/fonts/map/
pdftex/updmap/pdftex.map): invalid entry for `psyro': SlantFont/ExtendFont can 
be used only with embedded Type1 fonts


pdfTeX warning: /usr/bin/pdflatex (file /usr/share/texlive/texmf-var/fonts/map/
pdftex/updmap/pdftex.map): fontmap entry for `ptmb8g' already exists, duplicate
s ignored


pdfTeX warning: /usr/bin/pdflatex (file /usr/share/texlive/texmf-var/fonts/map/
pdftex/updmap/pdftex.map): fontmap entry for `ptmb8r' already exists, duplicate
s ignored


pdfTeX warning: /usr/bin/pdflatex (file /usr/share/texlive/texmf-var/fonts/map/
pdftex/updmap/pdftex.map): fontmap entry for `ptmb8y' already exists, duplicate
s ignored


pdfTeX warning: /usr/bin/pdflatex (file /usr/share/texlive/texmf-var/fonts/map/
pdftex/updmap/pdftex.map): fontmap entry for `ptmb8z' already exists, duplicate
s ignored


pdfTeX warning: /usr/bin/pdflatex (file /usr/share/texlive/texmf-var/fonts/map/
pdftex/updmap/pdftex.map): fontmap entry for `ptmbi8g' already exists, duplicat
es ignored


pdfTeX warning: /usr/bin/pdflatex (file /usr/share/texlive/texmf-var/fonts/map/
pdftex/updmap/pdftex.map): fontmap entry for `ptmbi8r' already exists, duplicat
es ignored


pdfTeX warning: /usr/bin/pdflatex (file /usr/share/texlive/texmf-var/fonts/map/
pdftex/updmap/pdftex.map): fontmap entry for `ptmbi8y' already exists, duplicat
es ignored


pdfTeX warning: /usr/bin/pdflatex (file /usr/share/texlive/texmf-var/fonts/map/
pdftex/updmap/pdftex.map): fontmap entry for `ptmbi8z' already exists, duplicat
es ignored


pdfTeX warning: /usr/bin/pdflatex (file /usr/share/texlive/texmf-var/fonts/map/
pdftex/updmap/pdftex.map): invalid entry for `ptmbo8r': SlantFont/ExtendFont ca
n be used only with embedded Type1 fonts


pdfTeX warning: /usr/bin/pdflatex (file /usr/share/texlive/texmf-var/fonts/map/
pdftex/updmap/pdftex.map): invalid entry for `ptmbo8y': SlantFont/ExtendFont ca
n be used only with embedded Type1 fonts


pdfTeX warning: /usr/bin/pdflatex (file /usr/share/texlive/texmf-var/fonts/map/
pdftex/updmap/pdftex.map): fontmap entry for `ptmr8g' already exists, duplicate
s ignored


pdfTeX warning: /usr/bin/pdflatex (file /usr/share/texlive/texmf-var/fonts/map/
pdftex/updmap/pdftex.map): fontmap entry for `ptmr8r' already exists, duplicate
s ignored


pdfTeX warning: /usr/bin/pdflatex (file /usr/share/texlive/texmf-var/fonts/map/
pdftex/updmap/pdftex.map): invalid entry for `ptmr8rn': SlantFont/ExtendFont ca
n be used only with embedded Type1 fonts


pdfTeX warning: /usr/bin/pdflatex (file /usr/share/texlive/texmf-var/fonts/map/
pdftex/updmap/pdftex.map): fontmap entry for `ptmr8y' already exists, duplicate
s ignored


pdfTeX warning: /usr/bin/pdflatex (file /usr/share/texlive/texmf-var/fonts/map/
pdftex/updmap/pdftex.map): invalid entry for `ptmr8yn': SlantFont/ExtendFont ca
n be used only with embedded Type1 fonts


pdfTeX warning: /usr/bin/pdflatex (file /usr/share/texlive/texmf-var/fonts/map/
pdftex/updmap/pdftex.map): fontmap entry for `ptmr8z' already exists, duplicate
s ignored


pdfTeX warning: /usr/bin/pdflatex (file /usr/share/texlive/texmf-var/fonts/map/
pdftex/updmap/pdftex.map): fontmap entry for `ptmri8g' already exists, duplicat
es ignored


pdfTeX warning: /usr/bin/pdflatex (file /usr/share/texlive/texmf-var/fonts/map/
pdftex/updmap/pdftex.map): fontmap entry for `ptmri8r' already exists, duplicat
es ignored


pdfTeX warning: /usr/bin/pdflatex (file /usr/share/texlive/texmf-var/fonts/map/
pdftex/updmap/pdftex.map): fontmap entry for `ptmri8y' already exists, duplicat
es ignored


pdfTeX warning: /usr/bin/pdflatex (file /usr/share/texlive/texmf-var/fonts/map/
pdftex/updmap/pdftex.map): fontmap entry for `ptmri8z' already exists, duplicat
es ignored


pdfTeX warning: /usr/bin/pdflatex (file /usr/share/texlive/texmf-var/fonts/map/
pdftex/updmap/pdftex.map): invalid entry for `ptmro8r': SlantFont/ExtendFont ca
n be used only with embedded Type1 fonts


pdfTeX warning: /usr/bin/pdflatex (file /usr/share/texlive/texmf-var/fonts/map/
pdftex/updmap/pdftex.map): invalid entry for `ptmro8y': SlantFont/ExtendFont ca
n be used only with embedded Type1 fonts


pdfTeX warning: /usr/bin/pdflatex (file /usr/share/texlive/texmf-var/fonts/map/
pdftex/updmap/pdftex.map): invalid entry for `ptmrr8re': SlantFont/ExtendFont c
an be used only with embedded Type1 fonts


pdfTeX warning: /usr/bin/pdflatex (file /usr/share/texlive/texmf-var/fonts/map/
pdftex/updmap/pdftex.map): invalid entry for `ptmrr8ye': SlantFont/ExtendFont c
an be used only with embedded Type1 fonts


pdfTeX warning: /usr/bin/pdflatex (file /usr/share/texlive/texmf-var/fonts/map/
pdftex/updmap/pdftex.map): fontmap entry for `pzcmi8r' already exists, duplicat
es ignored


pdfTeX warning: /usr/bin/pdflatex (file /usr/share/texlive/texmf-var/fonts/map/
pdftex/updmap/pdftex.map): fontmap entry for `pzcmi8z' already exists, duplicat
es ignored


pdfTeX warning: /usr/bin/pdflatex (file /usr/share/texlive/texmf-var/fonts/map/
pdftex/updmap/pdftex.map): fontmap entry for `pzdr' already exists, duplicates 
ignored


pdfTeX warning: /usr/bin/pdflatex (file /usr/share/texlive/texmf-var/fonts/map/
pdftex/updmap/pdftex.map): fontmap entry for `rpagd' already exists, duplicates
 ignored


pdfTeX warning: /usr/bin/pdflatex (file /usr/share/texlive/texmf-var/fonts/map/
pdftex/updmap/pdftex.map): fontmap entry for `rpagdo' already exists, duplicate
s ignored


pdfTeX warning: /usr/bin/pdflatex (file /usr/share/texlive/texmf-var/fonts/map/
pdftex/updmap/pdftex.map): fontmap entry for `rpagk' already exists, duplicates
 ignored


pdfTeX warning: /usr/bin/pdflatex (file /usr/share/texlive/texmf-var/fonts/map/
pdftex/updmap/pdftex.map): fontmap entry for `rpagko' already exists, duplicate
s ignored


pdfTeX warning: /usr/bin/pdflatex (file /usr/share/texlive/texmf-var/fonts/map/
pdftex/updmap/pdftex.map): fontmap entry for `rpbkd' already exists, duplicates
 ignored


pdfTeX warning: /usr/bin/pdflatex (file /usr/share/texlive/texmf-var/fonts/map/
pdftex/updmap/pdftex.map): fontmap entry for `rpbkdi' already exists, duplicate
s ignored


pdfTeX warning: /usr/bin/pdflatex (file /usr/share/texlive/texmf-var/fonts/map/
pdftex/updmap/pdftex.map): fontmap entry for `rpbkl' already exists, duplicates
 ignored


pdfTeX warning: /usr/bin/pdflatex (file /usr/share/texlive/texmf-var/fonts/map/
pdftex/updmap/pdftex.map): fontmap entry for `rpbkli' already exists, duplicate
s ignored


pdfTeX warning: /usr/bin/pdflatex (file /usr/share/texlive/texmf-var/fonts/map/
pdftex/updmap/pdftex.map): fontmap entry for `rpcrb' already exists, duplicates
 ignored


pdfTeX warning: /usr/bin/pdflatex (file /usr/share/texlive/texmf-var/fonts/map/
pdftex/updmap/pdftex.map): fontmap entry for `rpcrbo' already exists, duplicate
s ignored


pdfTeX warning: /usr/bin/pdflatex (file /usr/share/texlive/texmf-var/fonts/map/
pdftex/updmap/pdftex.map): fontmap entry for `rpcrr' already exists, duplicates
 ignored


pdfTeX warning: /usr/bin/pdflatex (file /usr/share/texlive/texmf-var/fonts/map/
pdftex/updmap/pdftex.map): fontmap entry for `rpcrro' already exists, duplicate
s ignored


pdfTeX warning: /usr/bin/pdflatex (file /usr/share/texlive/texmf-var/fonts/map/
pdftex/updmap/pdftex.map): fontmap entry for `rphvb' already exists, duplicates
 ignored


pdfTeX warning: /usr/bin/pdflatex (file /usr/share/texlive/texmf-var/fonts/map/
pdftex/updmap/pdftex.map): fontmap entry for `rphvbo' already exists, duplicate
s ignored


pdfTeX warning: /usr/bin/pdflatex (file /usr/share/texlive/texmf-var/fonts/map/
pdftex/updmap/pdftex.map): invalid entry for `rphvbon': SlantFont/ExtendFont ca
n be used only with embedded Type1 fonts


pdfTeX warning: /usr/bin/pdflatex (file /usr/share/texlive/texmf-var/fonts/map/
pdftex/updmap/pdftex.map): invalid entry for `rphvbrn': SlantFont/ExtendFont ca
n be used only with embedded Type1 fonts


pdfTeX warning: /usr/bin/pdflatex (file /usr/share/texlive/texmf-var/fonts/map/
pdftex/updmap/pdftex.map): fontmap entry for `rphvr' already exists, duplicates
 ignored


pdfTeX warning: /usr/bin/pdflatex (file /usr/share/texlive/texmf-var/fonts/map/
pdftex/updmap/pdftex.map): fontmap entry for `rphvro' already exists, duplicate
s ignored


pdfTeX warning: /usr/bin/pdflatex (file /usr/share/texlive/texmf-var/fonts/map/
pdftex/updmap/pdftex.map): invalid entry for `rphvron': SlantFont/ExtendFont ca
n be used only with embedded Type1 fonts


pdfTeX warning: /usr/bin/pdflatex (file /usr/share/texlive/texmf-var/fonts/map/
pdftex/updmap/pdftex.map): invalid entry for `rphvrrn': SlantFont/ExtendFont ca
n be used only with embedded Type1 fonts


pdfTeX warning: /usr/bin/pdflatex (file /usr/share/texlive/texmf-var/fonts/map/
pdftex/updmap/pdftex.map): fontmap entry for `rpncb' already exists, duplicates
 ignored


pdfTeX warning: /usr/bin/pdflatex (file /usr/share/texlive/texmf-var/fonts/map/
pdftex/updmap/pdftex.map): fontmap entry for `rpncbi' already exists, duplicate
s ignored


pdfTeX warning: /usr/bin/pdflatex (file /usr/share/texlive/texmf-var/fonts/map/
pdftex/updmap/pdftex.map): fontmap entry for `rpncr' already exists, duplicates
 ignored


pdfTeX warning: /usr/bin/pdflatex (file /usr/share/texlive/texmf-var/fonts/map/
pdftex/updmap/pdftex.map): fontmap entry for `rpncri' already exists, duplicate
s ignored


pdfTeX warning: /usr/bin/pdflatex (file /usr/share/texlive/texmf-var/fonts/map/
pdftex/updmap/pdftex.map): fontmap entry for `rpplb' already exists, duplicates
 ignored


pdfTeX warning: /usr/bin/pdflatex (file /usr/share/texlive/texmf-var/fonts/map/
pdftex/updmap/pdftex.map): fontmap entry for `rpplbi' already exists, duplicate
s ignored


pdfTeX warning: /usr/bin/pdflatex (file /usr/share/texlive/texmf-var/fonts/map/
pdftex/updmap/pdftex.map): invalid entry for `rpplbu': SlantFont/ExtendFont can
 be used only with embedded Type1 fonts


pdfTeX warning: /usr/bin/pdflatex (file /usr/share/texlive/texmf-var/fonts/map/
pdftex/updmap/pdftex.map): fontmap entry for `rpplr' already exists, duplicates
 ignored


pdfTeX warning: /usr/bin/pdflatex (file /usr/share/texlive/texmf-var/fonts/map/
pdftex/updmap/pdftex.map): fontmap entry for `rpplri' already exists, duplicate
s ignored


pdfTeX warning: /usr/bin/pdflatex (file /usr/share/texlive/texmf-var/fonts/map/
pdftex/updmap/pdftex.map): invalid entry for `rpplro': SlantFont/ExtendFont can
 be used only with embedded Type1 fonts


pdfTeX warning: /usr/bin/pdflatex (file /usr/share/texlive/texmf-var/fonts/map/
pdftex/updmap/pdftex.map): invalid entry for `rpplrre': SlantFont/ExtendFont ca
n be used only with embedded Type1 fonts


pdfTeX warning: /usr/bin/pdflatex (file /usr/share/texlive/texmf-var/fonts/map/
pdftex/updmap/pdftex.map): invalid entry for `rpplrrn': SlantFont/ExtendFont ca
n be used only with embedded Type1 fonts


pdfTeX warning: /usr/bin/pdflatex (file /usr/share/texlive/texmf-var/fonts/map/
pdftex/updmap/pdftex.map): invalid entry for `rpplru': SlantFont/ExtendFont can
 be used only with embedded Type1 fonts


pdfTeX warning: /usr/bin/pdflatex (file /usr/share/texlive/texmf-var/fonts/map/
pdftex/updmap/pdftex.map): fontmap entry for `rpsyr' already exists, duplicates
 ignored


pdfTeX warning: /usr/bin/pdflatex (file /usr/share/texlive/texmf-var/fonts/map/
pdftex/updmap/pdftex.map): invalid entry for `rpsyro': SlantFont/ExtendFont can
 be used only with embedded Type1 fonts


pdfTeX warning: /usr/bin/pdflatex (file /usr/share/texlive/texmf-var/fonts/map/
pdftex/updmap/pdftex.map): fontmap entry for `rptmb' already exists, duplicates
 ignored


pdfTeX warning: /usr/bin/pdflatex (file /usr/share/texlive/texmf-var/fonts/map/
pdftex/updmap/pdftex.map): fontmap entry for `rptmbi' already exists, duplicate
s ignored


pdfTeX warning: /usr/bin/pdflatex (file /usr/share/texlive/texmf-var/fonts/map/
pdftex/updmap/pdftex.map): invalid entry for `rptmbo': SlantFont/ExtendFont can
 be used only with embedded Type1 fonts


pdfTeX warning: /usr/bin/pdflatex (file /usr/share/texlive/texmf-var/fonts/map/
pdftex/updmap/pdftex.map): fontmap entry for `rptmr' already exists, duplicates
 ignored


pdfTeX warning: /usr/bin/pdflatex (file /usr/share/texlive/texmf-var/fonts/map/
pdftex/updmap/pdftex.map): fontmap entry for `rptmri' already exists, duplicate
s ignored


pdfTeX warning: /usr/bin/pdflatex (file /usr/share/texlive/texmf-var/fonts/map/
pdftex/updmap/pdftex.map): invalid entry for `rptmro': SlantFont/ExtendFont can
 be used only with embedded Type1 fonts


pdfTeX warning: /usr/bin/pdflatex (file /usr/share/texlive/texmf-var/fonts/map/
pdftex/updmap/pdftex.map): invalid entry for `rptmrre': SlantFont/ExtendFont ca
n be used only with embedded Type1 fonts


pdfTeX warning: /usr/bin/pdflatex (file /usr/share/texlive/texmf-var/fonts/map/
pdftex/updmap/pdftex.map): invalid entry for `rptmrrn': SlantFont/ExtendFont ca
n be used only with embedded Type1 fonts


pdfTeX warning: /usr/bin/pdflatex (file /usr/share/texlive/texmf-var/fonts/map/
pdftex/updmap/pdftex.map): fontmap entry for `rpxpplb' already exists, duplicat
es ignored


pdfTeX warning: /usr/bin/pdflatex (file /usr/share/texlive/texmf-var/fonts/map/
pdftex/updmap/pdftex.map): fontmap entry for `rpxpplbi' already exists, duplica
tes ignored


pdfTeX warning: /usr/bin/pdflatex (file /usr/share/texlive/texmf-var/fonts/map/
pdftex/updmap/pdftex.map): invalid entry for `rpxpplbo': SlantFont/ExtendFont c
an be used only with embedded Type1 fonts


pdfTeX warning: /usr/bin/pdflatex (file /usr/share/texlive/texmf-var/fonts/map/
pdftex/updmap/pdftex.map): fontmap entry for `rpxpplr' already exists, duplicat
es ignored


pdfTeX warning: /usr/bin/pdflatex (file /usr/share/texlive/texmf-var/fonts/map/
pdftex/updmap/pdftex.map): fontmap entry for `rpxpplri' already exists, duplica
tes ignored


pdfTeX warning: /usr/bin/pdflatex (file /usr/share/texlive/texmf-var/fonts/map/
pdftex/updmap/pdftex.map): invalid entry for `rpxpplro': SlantFont/ExtendFont c
an be used only with embedded Type1 fonts


pdfTeX warning: /usr/bin/pdflatex (file /usr/share/texlive/texmf-var/fonts/map/
pdftex/updmap/pdftex.map): fontmap entry for `rpzcmi' already exists, duplicate
s ignored


pdfTeX warning: /usr/bin/pdflatex (file /usr/share/texlive/texmf-var/fonts/map/
pdftex/updmap/pdftex.map): fontmap entry for `rpzdr' already exists, duplicates
 ignored


pdfTeX warning: /usr/bin/pdflatex (file /usr/share/texlive/texmf-var/fonts/map/
pdftex/updmap/pdftex.map): fontmap entry for `rtxphvb' already exists, duplicat
es ignored


pdfTeX warning: /usr/bin/pdflatex (file /usr/share/texlive/texmf-var/fonts/map/
pdftex/updmap/pdftex.map): invalid entry for `rtxphvbo': SlantFont/ExtendFont c
an be used only with embedded Type1 fonts


pdfTeX warning: /usr/bin/pdflatex (file /usr/share/texlive/texmf-var/fonts/map/
pdftex/updmap/pdftex.map): fontmap entry for `rtxphvr' already exists, duplicat
es ignored


pdfTeX warning: /usr/bin/pdflatex (file /usr/share/texlive/texmf-var/fonts/map/
pdftex/updmap/pdftex.map): invalid entry for `rtxphvro': SlantFont/ExtendFont c
an be used only with embedded Type1 fonts


pdfTeX warning: /usr/bin/pdflatex (file /usr/share/texlive/texmf-var/fonts/map/
pdftex/updmap/pdftex.map): fontmap entry for `rtxptmb' already exists, duplicat
es ignored


pdfTeX warning: /usr/bin/pdflatex (file /usr/share/texlive/texmf-var/fonts/map/
pdftex/updmap/pdftex.map): fontmap entry for `rtxptmbi' already exists, duplica
tes ignored


pdfTeX warning: /usr/bin/pdflatex (file /usr/share/texlive/texmf-var/fonts/map/
pdftex/updmap/pdftex.map): invalid entry for `rtxptmbo': SlantFont/ExtendFont c
an be used only with embedded Type1 fonts


pdfTeX warning: /usr/bin/pdflatex (file /usr/share/texlive/texmf-var/fonts/map/
pdftex/updmap/pdftex.map): fontmap entry for `rtxptmr' already exists, duplicat
es ignored


pdfTeX warning: /usr/bin/pdflatex (file /usr/share/texlive/texmf-var/fonts/map/
pdftex/updmap/pdftex.map): fontmap entry for `rtxptmri' already exists, duplica
tes ignored


pdfTeX warning: /usr/bin/pdflatex (file /usr/share/texlive/texmf-var/fonts/map/
pdftex/updmap/pdftex.map): invalid entry for `rtxptmro': SlantFont/ExtendFont c
an be used only with embedded Type1 fonts


pdfTeX warning: /usr/bin/pdflatex (file /usr/share/texlive/texmf-var/fonts/map/
pdftex/updmap/pdftex.map): fontmap entry for `sy' already exists, duplicates ig
nored


pdfTeX warning: /usr/bin/pdflatex (file /usr/share/texlive/texmf-var/fonts/map/
pdftex/updmap/pdftex.map): fontmap entry for `tib' already exists, duplicates i
gnored


pdfTeX warning: /usr/bin/pdflatex (file /usr/share/texlive/texmf-var/fonts/map/
pdftex/updmap/pdftex.map): fontmap entry for `tibi' already exists, duplicates 
ignored


pdfTeX warning: /usr/bin/pdflatex (file /usr/share/texlive/texmf-var/fonts/map/
pdftex/updmap/pdftex.map): invalid entry for `tibo': SlantFont/ExtendFont can b
e used only with embedded Type1 fonts


pdfTeX warning: /usr/bin/pdflatex (file /usr/share/texlive/texmf-var/fonts/map/
pdftex/updmap/pdftex.map): fontmap entry for `tii' already exists, duplicates i
gnored


pdfTeX warning: /usr/bin/pdflatex (file /usr/share/texlive/texmf-var/fonts/map/
pdftex/updmap/pdftex.map): invalid entry for `tio': SlantFont/ExtendFont can be
 used only with embedded Type1 fonts


pdfTeX warning: /usr/bin/pdflatex (file /usr/share/texlive/texmf-var/fonts/map/
pdftex/updmap/pdftex.map): fontmap entry for `tir' already exists, duplicates i
gnored


pdfTeX warning: /usr/bin/pdflatex (file /usr/share/texlive/texmf-var/fonts/map/
pdftex/updmap/pdftex.map): fontmap entry for `tmbi108r' already exists, duplica
tes ignored


pdfTeX warning: /usr/bin/pdflatex (file /usr/share/texlive/texmf-var/fonts/map/
pdftex/updmap/pdftex.map): invalid entry for `tmbo108r': SlantFont/ExtendFont c
an be used only with embedded Type1 fonts


pdfTeX warning: /usr/bin/pdflatex (file /usr/share/texlive/texmf-var/fonts/map/
pdftex/updmap/pdftex.map): invalid entry for `tmbu108r': SlantFont/ExtendFont c
an be used only with embedded Type1 fonts


pdfTeX warning: /usr/bin/pdflatex (file /usr/share/texlive/texmf-var/fonts/map/
pdftex/updmap/pdftex.map): fontmap entry for `tmrb108r' already exists, duplica
tes ignored


pdfTeX warning: /usr/bin/pdflatex (file /usr/share/texlive/texmf-var/fonts/map/
pdftex/updmap/pdftex.map): fontmap entry for `tmri108r' already exists, duplica
tes ignored


pdfTeX warning: /usr/bin/pdflatex (file /usr/share/texlive/texmf-var/fonts/map/
pdftex/updmap/pdftex.map): fontmap entry for `tmrm108r' already exists, duplica
tes ignored


pdfTeX warning: /usr/bin/pdflatex (file /usr/share/texlive/texmf-var/fonts/map/
pdftex/updmap/pdftex.map): invalid entry for `tmro108r': SlantFont/ExtendFont c
an be used only with embedded Type1 fonts


pdfTeX warning: /usr/bin/pdflatex (file /usr/share/texlive/texmf-var/fonts/map/
pdftex/updmap/pdftex.map): invalid entry for `tmui108r': SlantFont/ExtendFont c
an be used only with embedded Type1 fonts


pdfTeX warning: /usr/bin/pdflatex (file /usr/share/texlive/texmf-var/fonts/map/
pdftex/updmap/pdftex.map): fontmap entry for `zd' already exists, duplicates ig
nored


pdfTeX warning: /usr/bin/pdflatex (file /usr/share/texlive/texmf-var/fonts/map/
pdftex/updmap/pdftex.map): ambiguous entry for `UniClass[letter]': font file pr
esent but not included, will be treated as font file not present


pdfTeX warning: /usr/bin/pdflatex (file /usr/share/texlive/texmf-var/fonts/map/
pdftex/updmap/pdftex.map): fontmap entry for `pzcmi8g' already exists, duplicat
es ignored


pdfTeX warning: /usr/bin/pdflatex (file /usr/share/texlive/texmf-var/fonts/map/
pdftex/updmap/pdftex.map): fontmap entry for `pzcmi8y' already exists, duplicat
es ignored
} <./Portal_physics-2.png>]
<blockandtackle.png, id=14, 237.0456pt x 259.2084pt>
File: blockandtackle.png Graphic file (type png)
<use blockandtackle.png>
Package pdftex.def Info: blockandtackle.png  used on input line 111.
(pdftex.def)             Requested size: 140.92793pt x 154.11026pt.
 [2 <./blockandtackle.png>] (./hw8-2021.aux) ) 
Here is how much of TeX's memory you used:
 2407 strings out of 478862
 35054 string characters out of 5858945
 335418 words of memory out of 6000000
 20022 multiletter control sequences out of 15000+600000
 408088 words of font info for 43 fonts, out of 8000000 for 9000
 1137 hyphenation exceptions out of 8191
 59i,6n,66p,326b,311s stack positions out of 5000i,500n,10000p,200000b,80000s
</usr/share/texlive/texmf-dist/fo
nts/type1/public/amsfonts/cm/cmcsc10.pfb></usr/share/texlive/texmf-dist/fonts/t
ype1/public/amsfonts/cm/cmex10.pfb></usr/share/texlive/texmf-dist/fonts/type1/p
ublic/amsfonts/cm/cmmi12.pfb></usr/share/texlive/texmf-dist/fonts/type1/public/
amsfonts/cm/cmmi8.pfb></usr/share/texlive/texmf-dist/fonts/type1/public/amsfont
s/cm/cmr12.pfb></usr/share/texlive/texmf-dist/fonts/type1/public/amsfonts/cm/cm
sy10.pfb></usr/share/texlive/texmf-dist/fonts/type1/public/amsfonts/cm/cmti12.p
fb>
Output written on hw8-2021.pdf (2 pages, 268273 bytes).
PDF statistics:
 43 PDF objects out of 1000 (max. 8388607)
 28 compressed objects within 1 object stream
 0 named destinations out of 1000 (max. 500000)
 11 words of extra memory for PDF output out of 10000 (max. 10000000)

